!SESSION 2017-03-04 12:15:05.160 -----------------------------------------------
eclipse.buildId=4.4.0.I20140606-1215
java.version=1.7.0_79
java.vendor=Oracle Corporation
BootLoader constants: OS=win32, ARCH=x86_64, WS=win32, NL=en_US
Framework arguments:  -product org.eclipse.epp.package.jee.product
Command-line arguments:  -os win32 -ws win32 -arch x86_64 -product org.eclipse.epp.package.jee.product

!ENTRY org.eclipse.equinox.ds 2 0 2017-03-04 12:15:55.302
!MESSAGE [SCR - WorkThread] Timeout occurred! Thread was blocked on processing [QueuedJob] WorkPerformer: org.eclipse.equinox.internal.ds.SCRManager@49b04d3d; actionType 1

!ENTRY org.eclipse.equinox.ds 2 0 2017-03-04 12:15:55.443
!MESSAGE [SCR] Enabling components of bundle org.eclipse.ui.trace did not complete in 30000 ms 

!ENTRY org.eclipse.core.runtime 4 0 2017-03-04 12:16:00.498
!MESSAGE FrameworkEvent ERROR
!STACK 0
org.osgi.framework.BundleException: Unable to acquire the state change lock for the module: osgi.identity; osgi.identity="org.eclipse.core.runtime"; type="osgi.bundle"; version:Version="3.10.0.v20140318-2214"; singleton:="true" [id=86] STARTED [STARTED]
	at org.eclipse.osgi.container.Module.lockStateChange(Module.java:329)
	at org.eclipse.osgi.container.Module.start(Module.java:389)
	at org.eclipse.osgi.container.ModuleContainer$ContainerStartLevel.incStartLevel(ModuleContainer.java:1582)
	at org.eclipse.osgi.container.ModuleContainer$ContainerStartLevel.incStartLevel(ModuleContainer.java:1562)
	at org.eclipse.osgi.container.ModuleContainer$ContainerStartLevel.doContainerStartLevel(ModuleContainer.java:1533)
	at org.eclipse.osgi.container.ModuleContainer$ContainerStartLevel.dispatchEvent(ModuleContainer.java:1476)
	at org.eclipse.osgi.container.ModuleContainer$ContainerStartLevel.dispatchEvent(ModuleContainer.java:1)
	at org.eclipse.osgi.framework.eventmgr.EventManager.dispatchEvent(EventManager.java:230)
	at org.eclipse.osgi.framework.eventmgr.EventManager$EventThread.run(EventManager.java:340)

!ENTRY org.eclipse.osgi 2 0 2017-03-04 12:16:05.748
!MESSAGE While loading class "org.eclipse.core.runtime.IExtensionRegistry", thread "Thread[Start Level: Equinox Container: 9028f11b-a600-0017-1ad4-f6e0b55358b1,5,main]" timed out waiting (5047ms) for thread "Thread[Component Resolve Thread,5,main]" to finish starting bundle "org.eclipse.equinox.registry_3.5.400.v20140428-1507 [335]". To avoid deadlock, thread "Thread[Start Level: Equinox Container: 9028f11b-a600-0017-1ad4-f6e0b55358b1,5,main]" is proceeding but "org.eclipse.core.runtime.IExtensionRegistry" may not be fully initialized.
!STACK 0
org.osgi.framework.BundleException: Unable to acquire the state change lock for the module: osgi.identity; osgi.identity="org.eclipse.equinox.registry"; type="osgi.bundle"; version:Version="3.5.400.v20140428-1507"; singleton:="true" [id=335] STARTED [STARTED]
	at org.eclipse.osgi.container.Module.lockStateChange(Module.java:329)
	at org.eclipse.osgi.container.Module.start(Module.java:389)
	at org.eclipse.osgi.framework.util.SecureAction.start(SecureAction.java:454)
	at org.eclipse.osgi.internal.hooks.EclipseLazyStarter.postFindLocalClass(EclipseLazyStarter.java:107)
	at org.eclipse.osgi.internal.loader.classpath.ClasspathManager.findLocalClass(ClasspathManager.java:531)
	at org.eclipse.osgi.internal.loader.ModuleClassLoader.findLocalClass(ModuleClassLoader.java:324)
	at org.eclipse.osgi.internal.loader.BundleLoader.findLocalClass(BundleLoader.java:311)
	at org.eclipse.osgi.internal.loader.sources.SingleSourcePackage.loadClass(SingleSourcePackage.java:36)
	at org.eclipse.osgi.internal.loader.sources.MultiSourcePackage.loadClass(MultiSourcePackage.java:32)
	at org.eclipse.osgi.internal.loader.BundleLoader.findClassInternal(BundleLoader.java:382)
	at org.eclipse.osgi.internal.loader.BundleLoader.findClass(BundleLoader.java:336)
	at org.eclipse.osgi.internal.loader.BundleLoader.findClass(BundleLoader.java:328)
	at org.eclipse.osgi.internal.loader.ModuleClassLoader.loadClass(ModuleClassLoader.java:160)
	at java.lang.ClassLoader.loadClass(Unknown Source)
	at java.lang.Class.forName0(Native Method)
	at java.lang.Class.forName(Unknown Source)
	at org.eclipse.equinox.internal.p2.repository.Activator.start(Activator.java:34)
	at org.eclipse.osgi.internal.framework.BundleContextImpl$3.run(BundleContextImpl.java:771)
	at org.eclipse.osgi.internal.framework.BundleContextImpl$3.run(BundleContextImpl.java:1)
	at java.security.AccessController.doPrivileged(Native Method)
	at org.eclipse.osgi.internal.framework.BundleContextImpl.startActivator(BundleContextImpl.java:764)
	at org.eclipse.osgi.internal.framework.BundleContextImpl.start(BundleContextImpl.java:721)
	at org.eclipse.osgi.internal.framework.EquinoxBundle.startWorker0(EquinoxBundle.java:936)
	at org.eclipse.osgi.internal.framework.EquinoxBundle$EquinoxModule.startWorker(EquinoxBundle.java:319)
	at org.eclipse.osgi.container.Module.doStart(Module.java:571)
	at org.eclipse.osgi.container.Module.start(Module.java:439)
	at org.eclipse.osgi.framework.util.SecureAction.start(SecureAction.java:454)
	at org.eclipse.osgi.internal.hooks.EclipseLazyStarter.postFindLocalClass(EclipseLazyStarter.java:107)
	at org.eclipse.osgi.internal.loader.classpath.ClasspathManager.findLocalClass(ClasspathManager.java:531)
	at org.eclipse.osgi.internal.loader.ModuleClassLoader.findLocalClass(ModuleClassLoader.java:324)
	at org.eclipse.osgi.internal.loader.BundleLoader.findLocalClass(BundleLoader.java:311)
	at org.eclipse.osgi.internal.loader.sources.SingleSourcePackage.loadClass(SingleSourcePackage.java:36)
	at org.eclipse.osgi.internal.loader.BundleLoader.findClassInternal(BundleLoader.java:370)
	at org.eclipse.osgi.internal.loader.BundleLoader.findClass(BundleLoader.java:336)
	at org.eclipse.osgi.internal.loader.BundleLoader.findClass(BundleLoader.java:328)
	at org.eclipse.osgi.internal.loader.ModuleClassLoader.loadClass(ModuleClassLoader.java:160)
	at java.lang.ClassLoader.loadClass(Unknown Source)
	at org.eclipse.equinox.internal.p2.reconciler.dropins.Activator.watchDropins(Activator.java:539)
	at org.eclipse.equinox.internal.p2.reconciler.dropins.Activator.start(Activator.java:172)
	at org.eclipse.osgi.internal.framework.BundleContextImpl$3.run(BundleContextImpl.java:771)
	at org.eclipse.osgi.internal.framework.BundleContextImpl$3.run(BundleContextImpl.java:1)
	at java.security.AccessController.doPrivileged(Native Method)
	at org.eclipse.osgi.internal.framework.BundleContextImpl.startActivator(BundleContextImpl.java:764)
	at org.eclipse.osgi.internal.framework.BundleContextImpl.start(BundleContextImpl.java:721)
	at org.eclipse.osgi.internal.framework.EquinoxBundle.startWorker0(EquinoxBundle.java:936)
	at org.eclipse.osgi.internal.framework.EquinoxBundle$EquinoxModule.startWorker(EquinoxBundle.java:319)
	at org.eclipse.osgi.container.Module.doStart(Module.java:571)
	at org.eclipse.osgi.container.Module.start(Module.java:439)
	at org.eclipse.osgi.container.ModuleContainer$ContainerStartLevel.incStartLevel(ModuleContainer.java:1582)
	at org.eclipse.osgi.container.ModuleContainer$ContainerStartLevel.incStartLevel(ModuleContainer.java:1562)
	at org.eclipse.osgi.container.ModuleContainer$ContainerStartLevel.doContainerStartLevel(ModuleContainer.java:1533)
	at org.eclipse.osgi.container.ModuleContainer$ContainerStartLevel.dispatchEvent(ModuleContainer.java:1476)
	at org.eclipse.osgi.container.ModuleContainer$ContainerStartLevel.dispatchEvent(ModuleContainer.java:1)
	at org.eclipse.osgi.framework.eventmgr.EventManager.dispatchEvent(EventManager.java:230)
	at org.eclipse.osgi.framework.eventmgr.EventManager$EventThread.run(EventManager.java:340)

!ENTRY org.eclipse.osgi 2 0 2017-03-04 12:16:11.357
!MESSAGE While loading class "org.eclipse.core.runtime.RegistryFactory", thread "Thread[Start Level: Equinox Container: 9028f11b-a600-0017-1ad4-f6e0b55358b1,5,main]" timed out waiting (5015ms) for thread "Thread[Component Resolve Thread,5,main]" to finish starting bundle "org.eclipse.equinox.registry_3.5.400.v20140428-1507 [335]". To avoid deadlock, thread "Thread[Start Level: Equinox Container: 9028f11b-a600-0017-1ad4-f6e0b55358b1,5,main]" is proceeding but "org.eclipse.core.runtime.RegistryFactory" may not be fully initialized.
!STACK 0
org.osgi.framework.BundleException: Unable to acquire the state change lock for the module: osgi.identity; osgi.identity="org.eclipse.equinox.registry"; type="osgi.bundle"; version:Version="3.5.400.v20140428-1507"; singleton:="true" [id=335] STARTED [STARTED]
	at org.eclipse.osgi.container.Module.lockStateChange(Module.java:329)
	at org.eclipse.osgi.container.Module.start(Module.java:389)
	at org.eclipse.osgi.framework.util.SecureAction.start(SecureAction.java:454)
	at org.eclipse.osgi.internal.hooks.EclipseLazyStarter.postFindLocalClass(EclipseLazyStarter.java:107)
	at org.eclipse.osgi.internal.loader.classpath.ClasspathManager.findLocalClass(ClasspathManager.java:531)
	at org.eclipse.osgi.internal.loader.ModuleClassLoader.findLocalClass(ModuleClassLoader.java:324)
	at org.eclipse.osgi.internal.loader.BundleLoader.findLocalClass(BundleLoader.java:311)
	at org.eclipse.osgi.internal.loader.sources.SingleSourcePackage.loadClass(SingleSourcePackage.java:36)
	at org.eclipse.osgi.internal.loader.sources.MultiSourcePackage.loadClass(MultiSourcePackage.java:32)
	at org.eclipse.osgi.internal.loader.BundleLoader.findClassInternal(BundleLoader.java:382)
	at org.eclipse.osgi.internal.loader.BundleLoader.findClass(BundleLoader.java:336)
	at org.eclipse.osgi.internal.loader.BundleLoader.findClass(BundleLoader.java:328)
	at org.eclipse.osgi.internal.loader.ModuleClassLoader.loadClass(ModuleClassLoader.java:160)
	at java.lang.ClassLoader.loadClass(Unknown Source)
	at org.eclipse.equinox.internal.p2.repository.helpers.AbstractRepositoryManager.getAllSuffixes(AbstractRepositoryManager.java:427)
	at org.eclipse.equinox.internal.p2.repository.helpers.AbstractRepositoryManager.loadRepository(AbstractRepositoryManager.java:659)
	at org.eclipse.equinox.internal.p2.metadata.repository.MetadataRepositoryManager.loadRepository(MetadataRepositoryManager.java:96)
	at org.eclipse.equinox.internal.p2.metadata.repository.MetadataRepositoryManager.loadRepository(MetadataRepositoryManager.java:92)
	at org.eclipse.equinox.internal.provisional.p2.directorywatcher.RepositoryListener.initializeMetadataRepository(RepositoryListener.java:104)
	at org.eclipse.equinox.internal.provisional.p2.directorywatcher.RepositoryListener.<init>(RepositoryListener.java:59)
	at org.eclipse.equinox.internal.p2.reconciler.dropins.DropinsRepositoryListener.<init>(DropinsRepositoryListener.java:82)
	at org.eclipse.equinox.internal.p2.reconciler.dropins.Activator.watchDropins(Activator.java:539)
	at org.eclipse.equinox.internal.p2.reconciler.dropins.Activator.start(Activator.java:172)
	at org.eclipse.osgi.internal.framework.BundleContextImpl$3.run(BundleContextImpl.java:771)
	at org.eclipse.osgi.internal.framework.BundleContextImpl$3.run(BundleContextImpl.java:1)
	at java.security.AccessController.doPrivileged(Native Method)
	at org.eclipse.osgi.internal.framework.BundleContextImpl.startActivator(BundleContextImpl.java:764)
	at org.eclipse.osgi.internal.framework.BundleContextImpl.start(BundleContextImpl.java:721)
	at org.eclipse.osgi.internal.framework.EquinoxBundle.startWorker0(EquinoxBundle.java:936)
	at org.eclipse.osgi.internal.framework.EquinoxBundle$EquinoxModule.startWorker(EquinoxBundle.java:319)
	at org.eclipse.osgi.container.Module.doStart(Module.java:571)
	at org.eclipse.osgi.container.Module.start(Module.java:439)
	at org.eclipse.osgi.container.ModuleContainer$ContainerStartLevel.incStartLevel(ModuleContainer.java:1582)
	at org.eclipse.osgi.container.ModuleContainer$ContainerStartLevel.incStartLevel(ModuleContainer.java:1562)
	at org.eclipse.osgi.container.ModuleContainer$ContainerStartLevel.doContainerStartLevel(ModuleContainer.java:1533)
	at org.eclipse.osgi.container.ModuleContainer$ContainerStartLevel.dispatchEvent(ModuleContainer.java:1476)
	at org.eclipse.osgi.container.ModuleContainer$ContainerStartLevel.dispatchEvent(ModuleContainer.java:1)
	at org.eclipse.osgi.framework.eventmgr.EventManager.dispatchEvent(EventManager.java:230)
	at org.eclipse.osgi.framework.eventmgr.EventManager$EventThread.run(EventManager.java:340)

!ENTRY org.eclipse.osgi 2 0 2017-03-04 12:16:16.420
!MESSAGE While loading class "org.eclipse.core.internal.registry.RegistryProviderFactory", thread "Thread[Start Level: Equinox Container: 9028f11b-a600-0017-1ad4-f6e0b55358b1,5,main]" timed out waiting (5016ms) for thread "Thread[Component Resolve Thread,5,main]" to finish starting bundle "org.eclipse.equinox.registry_3.5.400.v20140428-1507 [335]". To avoid deadlock, thread "Thread[Start Level: Equinox Container: 9028f11b-a600-0017-1ad4-f6e0b55358b1,5,main]" is proceeding but "org.eclipse.core.internal.registry.RegistryProviderFactory" may not be fully initialized.
!STACK 0
org.osgi.framework.BundleException: Unable to acquire the state change lock for the module: osgi.identity; osgi.identity="org.eclipse.equinox.registry"; type="osgi.bundle"; version:Version="3.5.400.v20140428-1507"; singleton:="true" [id=335] STARTED [STARTED]
	at org.eclipse.osgi.container.Module.lockStateChange(Module.java:329)
	at org.eclipse.osgi.container.Module.start(Module.java:389)
	at org.eclipse.osgi.framework.util.SecureAction.start(SecureAction.java:454)
	at org.eclipse.osgi.internal.hooks.EclipseLazyStarter.postFindLocalClass(EclipseLazyStarter.java:107)
	at org.eclipse.osgi.internal.loader.classpath.ClasspathManager.findLocalClass(ClasspathManager.java:531)
	at org.eclipse.osgi.internal.loader.ModuleClassLoader.findLocalClass(ModuleClassLoader.java:324)
	at org.eclipse.osgi.internal.loader.BundleLoader.findLocalClass(BundleLoader.java:311)
	at org.eclipse.osgi.internal.loader.BundleLoader.findClassInternal(BundleLoader.java:386)
	at org.eclipse.osgi.internal.loader.BundleLoader.findClass(BundleLoader.java:336)
	at org.eclipse.osgi.internal.loader.BundleLoader.findClass(BundleLoader.java:328)
	at org.eclipse.osgi.internal.loader.ModuleClassLoader.loadClass(ModuleClassLoader.java:160)
	at java.lang.ClassLoader.loadClass(Unknown Source)
	at org.eclipse.core.runtime.RegistryFactory.getRegistry(RegistryFactory.java:69)
	at org.eclipse.equinox.internal.p2.repository.helpers.AbstractRepositoryManager.getAllSuffixes(AbstractRepositoryManager.java:427)
	at org.eclipse.equinox.internal.p2.repository.helpers.AbstractRepositoryManager.loadRepository(AbstractRepositoryManager.java:659)
	at org.eclipse.equinox.internal.p2.metadata.repository.MetadataRepositoryManager.loadRepository(MetadataRepositoryManager.java:96)
	at org.eclipse.equinox.internal.p2.metadata.repository.MetadataRepositoryManager.loadRepository(MetadataRepositoryManager.java:92)
	at org.eclipse.equinox.internal.provisional.p2.directorywatcher.RepositoryListener.initializeMetadataRepository(RepositoryListener.java:104)
	at org.eclipse.equinox.internal.provisional.p2.directorywatcher.RepositoryListener.<init>(RepositoryListener.java:59)
	at org.eclipse.equinox.internal.p2.reconciler.dropins.DropinsRepositoryListener.<init>(DropinsRepositoryListener.java:82)
	at org.eclipse.equinox.internal.p2.reconciler.dropins.Activator.watchDropins(Activator.java:539)
	at org.eclipse.equinox.internal.p2.reconciler.dropins.Activator.start(Activator.java:172)
	at org.eclipse.osgi.internal.framework.BundleContextImpl$3.run(BundleContextImpl.java:771)
	at org.eclipse.osgi.internal.framework.BundleContextImpl$3.run(BundleContextImpl.java:1)
	at java.security.AccessController.doPrivileged(Native Method)
	at org.eclipse.osgi.internal.framework.BundleContextImpl.startActivator(BundleContextImpl.java:764)
	at org.eclipse.osgi.internal.framework.BundleContextImpl.start(BundleContextImpl.java:721)
	at org.eclipse.osgi.internal.framework.EquinoxBundle.startWorker0(EquinoxBundle.java:936)
	at org.eclipse.osgi.internal.framework.EquinoxBundle$EquinoxModule.startWorker(EquinoxBundle.java:319)
	at org.eclipse.osgi.container.Module.doStart(Module.java:571)
	at org.eclipse.osgi.container.Module.start(Module.java:439)
	at org.eclipse.osgi.container.ModuleContainer$ContainerStartLevel.incStartLevel(ModuleContainer.java:1582)
	at org.eclipse.osgi.container.ModuleContainer$ContainerStartLevel.incStartLevel(ModuleContainer.java:1562)
	at org.eclipse.osgi.container.ModuleContainer$ContainerStartLevel.doContainerStartLevel(ModuleContainer.java:1533)
	at org.eclipse.osgi.container.ModuleContainer$ContainerStartLevel.dispatchEvent(ModuleContainer.java:1476)
	at org.eclipse.osgi.container.ModuleContainer$ContainerStartLevel.dispatchEvent(ModuleContainer.java:1)
	at org.eclipse.osgi.framework.eventmgr.EventManager.dispatchEvent(EventManager.java:230)
	at org.eclipse.osgi.framework.eventmgr.EventManager$EventThread.run(EventManager.java:340)

!ENTRY org.eclipse.equinox.p2.metadata.repository 4 0 2017-03-04 12:16:16.436
!MESSAGE Extension registry not found
!STACK 0
java.lang.RuntimeException
	at org.eclipse.equinox.internal.p2.repository.helpers.AbstractRepositoryManager.getAllSuffixes(AbstractRepositoryManager.java:429)
	at org.eclipse.equinox.internal.p2.repository.helpers.AbstractRepositoryManager.loadRepository(AbstractRepositoryManager.java:659)
	at org.eclipse.equinox.internal.p2.metadata.repository.MetadataRepositoryManager.loadRepository(MetadataRepositoryManager.java:96)
	at org.eclipse.equinox.internal.p2.metadata.repository.MetadataRepositoryManager.loadRepository(MetadataRepositoryManager.java:92)
	at org.eclipse.equinox.internal.provisional.p2.directorywatcher.RepositoryListener.initializeMetadataRepository(RepositoryListener.java:104)
	at org.eclipse.equinox.internal.provisional.p2.directorywatcher.RepositoryListener.<init>(RepositoryListener.java:59)
	at org.eclipse.equinox.internal.p2.reconciler.dropins.DropinsRepositoryListener.<init>(DropinsRepositoryListener.java:82)
	at org.eclipse.equinox.internal.p2.reconciler.dropins.Activator.watchDropins(Activator.java:539)
	at org.eclipse.equinox.internal.p2.reconciler.dropins.Activator.start(Activator.java:172)
	at org.eclipse.osgi.internal.framework.BundleContextImpl$3.run(BundleContextImpl.java:771)
	at org.eclipse.osgi.internal.framework.BundleContextImpl$3.run(BundleContextImpl.java:1)
	at java.security.AccessController.doPrivileged(Native Method)
	at org.eclipse.osgi.internal.framework.BundleContextImpl.startActivator(BundleContextImpl.java:764)
	at org.eclipse.osgi.internal.framework.BundleContextImpl.start(BundleContextImpl.java:721)
	at org.eclipse.osgi.internal.framework.EquinoxBundle.startWorker0(EquinoxBundle.java:936)
	at org.eclipse.osgi.internal.framework.EquinoxBundle$EquinoxModule.startWorker(EquinoxBundle.java:319)
	at org.eclipse.osgi.container.Module.doStart(Module.java:571)
	at org.eclipse.osgi.container.Module.start(Module.java:439)
	at org.eclipse.osgi.container.ModuleContainer$ContainerStartLevel.incStartLevel(ModuleContainer.java:1582)
	at org.eclipse.osgi.container.ModuleContainer$ContainerStartLevel.incStartLevel(ModuleContainer.java:1562)
	at org.eclipse.osgi.container.ModuleContainer$ContainerStartLevel.doContainerStartLevel(ModuleContainer.java:1533)
	at org.eclipse.osgi.container.ModuleContainer$ContainerStartLevel.dispatchEvent(ModuleContainer.java:1476)
	at org.eclipse.osgi.container.ModuleContainer$ContainerStartLevel.dispatchEvent(ModuleContainer.java:1)
	at org.eclipse.osgi.framework.eventmgr.EventManager.dispatchEvent(EventManager.java:230)
	at org.eclipse.osgi.framework.eventmgr.EventManager$EventThread.run(EventManager.java:340)

!ENTRY org.eclipse.equinox.p2.reconciler.dropins 4 0 2017-03-04 12:16:16.467
!MESSAGE FrameworkEvent ERROR
!STACK 0
org.osgi.framework.BundleException: Exception in org.eclipse.equinox.internal.p2.reconciler.dropins.Activator.start() of bundle org.eclipse.equinox.p2.reconciler.dropins.
	at org.eclipse.osgi.internal.framework.BundleContextImpl.startActivator(BundleContextImpl.java:792)
	at org.eclipse.osgi.internal.framework.BundleContextImpl.start(BundleContextImpl.java:721)
	at org.eclipse.osgi.internal.framework.EquinoxBundle.startWorker0(EquinoxBundle.java:936)
	at org.eclipse.osgi.internal.framework.EquinoxBundle$EquinoxModule.startWorker(EquinoxBundle.java:319)
	at org.eclipse.osgi.container.Module.doStart(Module.java:571)
	at org.eclipse.osgi.container.Module.start(Module.java:439)
	at org.eclipse.osgi.container.ModuleContainer$ContainerStartLevel.incStartLevel(ModuleContainer.java:1582)
	at org.eclipse.osgi.container.ModuleContainer$ContainerStartLevel.incStartLevel(ModuleContainer.java:1562)
	at org.eclipse.osgi.container.ModuleContainer$ContainerStartLevel.doContainerStartLevel(ModuleContainer.java:1533)
	at org.eclipse.osgi.container.ModuleContainer$ContainerStartLevel.dispatchEvent(ModuleContainer.java:1476)
	at org.eclipse.osgi.container.ModuleContainer$ContainerStartLevel.dispatchEvent(ModuleContainer.java:1)
	at org.eclipse.osgi.framework.eventmgr.EventManager.dispatchEvent(EventManager.java:230)
	at org.eclipse.osgi.framework.eventmgr.EventManager$EventThread.run(EventManager.java:340)
Caused by: java.lang.NullPointerException
	at org.eclipse.equinox.internal.p2.repository.helpers.AbstractRepositoryManager.doCreateRepository(AbstractRepositoryManager.java:282)
	at org.eclipse.equinox.internal.p2.metadata.repository.MetadataRepositoryManager.createRepository(MetadataRepositoryManager.java:41)
	at org.eclipse.equinox.internal.provisional.p2.directorywatcher.RepositoryListener.initializeMetadataRepository(RepositoryListener.java:109)
	at org.eclipse.equinox.internal.provisional.p2.directorywatcher.RepositoryListener.<init>(RepositoryListener.java:59)
	at org.eclipse.equinox.internal.p2.reconciler.dropins.DropinsRepositoryListener.<init>(DropinsRepositoryListener.java:82)
	at org.eclipse.equinox.internal.p2.reconciler.dropins.Activator.watchDropins(Activator.java:539)
	at org.eclipse.equinox.internal.p2.reconciler.dropins.Activator.start(Activator.java:172)
	at org.eclipse.osgi.internal.framework.BundleContextImpl$3.run(BundleContextImpl.java:771)
	at org.eclipse.osgi.internal.framework.BundleContextImpl$3.run(BundleContextImpl.java:1)
	at java.security.AccessController.doPrivileged(Native Method)
	at org.eclipse.osgi.internal.framework.BundleContextImpl.startActivator(BundleContextImpl.java:764)
	... 12 more
Root exception:
java.lang.NullPointerException
	at org.eclipse.equinox.internal.p2.repository.helpers.AbstractRepositoryManager.doCreateRepository(AbstractRepositoryManager.java:282)
	at org.eclipse.equinox.internal.p2.metadata.repository.MetadataRepositoryManager.createRepository(MetadataRepositoryManager.java:41)
	at org.eclipse.equinox.internal.provisional.p2.directorywatcher.RepositoryListener.initializeMetadataRepository(RepositoryListener.java:109)
	at org.eclipse.equinox.internal.provisional.p2.directorywatcher.RepositoryListener.<init>(RepositoryListener.java:59)
	at org.eclipse.equinox.internal.p2.reconciler.dropins.DropinsRepositoryListener.<init>(DropinsRepositoryListener.java:82)
	at org.eclipse.equinox.internal.p2.reconciler.dropins.Activator.watchDropins(Activator.java:539)
	at org.eclipse.equinox.internal.p2.reconciler.dropins.Activator.start(Activator.java:172)
	at org.eclipse.osgi.internal.framework.BundleContextImpl$3.run(BundleContextImpl.java:771)
	at org.eclipse.osgi.internal.framework.BundleContextImpl$3.run(BundleContextImpl.java:1)
	at java.security.AccessController.doPrivileged(Native Method)
	at org.eclipse.osgi.internal.framework.BundleContextImpl.startActivator(BundleContextImpl.java:764)
	at org.eclipse.osgi.internal.framework.BundleContextImpl.start(BundleContextImpl.java:721)
	at org.eclipse.osgi.internal.framework.EquinoxBundle.startWorker0(EquinoxBundle.java:936)
	at org.eclipse.osgi.internal.framework.EquinoxBundle$EquinoxModule.startWorker(EquinoxBundle.java:319)
	at org.eclipse.osgi.container.Module.doStart(Module.java:571)
	at org.eclipse.osgi.container.Module.start(Module.java:439)
	at org.eclipse.osgi.container.ModuleContainer$ContainerStartLevel.incStartLevel(ModuleContainer.java:1582)
	at org.eclipse.osgi.container.ModuleContainer$ContainerStartLevel.incStartLevel(ModuleContainer.java:1562)
	at org.eclipse.osgi.container.ModuleContainer$ContainerStartLevel.doContainerStartLevel(ModuleContainer.java:1533)
	at org.eclipse.osgi.container.ModuleContainer$ContainerStartLevel.dispatchEvent(ModuleContainer.java:1476)
	at org.eclipse.osgi.container.ModuleContainer$ContainerStartLevel.dispatchEvent(ModuleContainer.java:1)
	at org.eclipse.osgi.framework.eventmgr.EventManager.dispatchEvent(EventManager.java:230)
	at org.eclipse.osgi.framework.eventmgr.EventManager$EventThread.run(EventManager.java:340)

!ENTRY org.eclipse.osgi 2 0 2017-03-04 12:16:21.686
!MESSAGE While loading class "org.eclipse.core.runtime.Plugin", thread "Thread[Start Level: Equinox Container: 9028f11b-a600-0017-1ad4-f6e0b55358b1,5,main]" timed out waiting (5016ms) for thread "Thread[Component Resolve Thread,5,main]" to finish starting bundle "org.eclipse.core.runtime_3.10.0.v20140318-2214 [86]". To avoid deadlock, thread "Thread[Start Level: Equinox Container: 9028f11b-a600-0017-1ad4-f6e0b55358b1,5,main]" is proceeding but "org.eclipse.core.runtime.Plugin" may not be fully initialized.
!STACK 0
org.osgi.framework.BundleException: Unable to acquire the state change lock for the module: osgi.identity; osgi.identity="org.eclipse.core.runtime"; type="osgi.bundle"; version:Version="3.10.0.v20140318-2214"; singleton:="true" [id=86] STARTED [STARTED]
	at org.eclipse.osgi.container.Module.lockStateChange(Module.java:329)
	at org.eclipse.osgi.container.Module.start(Module.java:389)
	at org.eclipse.osgi.framework.util.SecureAction.start(SecureAction.java:454)
	at org.eclipse.osgi.internal.hooks.EclipseLazyStarter.postFindLocalClass(EclipseLazyStarter.java:107)
	at org.eclipse.osgi.internal.loader.classpath.ClasspathManager.findLocalClass(ClasspathManager.java:531)
	at org.eclipse.osgi.internal.loader.ModuleClassLoader.findLocalClass(ModuleClassLoader.java:324)
	at org.eclipse.osgi.internal.loader.BundleLoader.findLocalClass(BundleLoader.java:311)
	at org.eclipse.osgi.internal.loader.sources.SingleSourcePackage.loadClass(SingleSourcePackage.java:36)
	at org.eclipse.osgi.internal.loader.sources.MultiSourcePackage.loadClass(MultiSourcePackage.java:32)
	at org.eclipse.osgi.internal.loader.BundleLoader.findClassInternal(BundleLoader.java:382)
	at org.eclipse.osgi.internal.loader.BundleLoader.findClass(BundleLoader.java:336)
	at org.eclipse.osgi.internal.loader.BundleLoader.findClass(BundleLoader.java:328)
	at org.eclipse.osgi.internal.loader.ModuleClassLoader.loadClass(ModuleClassLoader.java:160)
	at java.lang.ClassLoader.loadClass(Unknown Source)
	at java.lang.ClassLoader.defineClass1(Native Method)
	at java.lang.ClassLoader.defineClass(Unknown Source)
	at org.eclipse.osgi.internal.loader.ModuleClassLoader.defineClass(ModuleClassLoader.java:272)
	at org.eclipse.osgi.internal.loader.classpath.ClasspathManager.defineClass(ClasspathManager.java:632)
	at org.eclipse.osgi.internal.loader.classpath.ClasspathManager.findClassImpl(ClasspathManager.java:588)
	at org.eclipse.osgi.internal.loader.classpath.ClasspathManager.findLocalClassImpl(ClasspathManager.java:540)
	at org.eclipse.osgi.internal.loader.classpath.ClasspathManager.findLocalClass(ClasspathManager.java:527)
	at org.eclipse.osgi.internal.loader.ModuleClassLoader.findLocalClass(ModuleClassLoader.java:324)
	at org.eclipse.osgi.internal.loader.BundleLoader.findLocalClass(BundleLoader.java:311)
	at org.eclipse.osgi.internal.loader.BundleLoader.findClassInternal(BundleLoader.java:386)
	at org.eclipse.osgi.internal.loader.BundleLoader.findClass(BundleLoader.java:336)
	at org.eclipse.osgi.internal.loader.BundleLoader.findClass(BundleLoader.java:328)
	at org.eclipse.osgi.internal.framework.BundleContextImpl.loadBundleActivator(BundleContextImpl.java:754)
	at org.eclipse.osgi.internal.framework.BundleContextImpl.start(BundleContextImpl.java:706)
	at org.eclipse.osgi.internal.framework.EquinoxBundle.startWorker0(EquinoxBundle.java:936)
	at org.eclipse.osgi.internal.framework.EquinoxBundle$EquinoxModule.startWorker(EquinoxBundle.java:319)
	at org.eclipse.osgi.container.Module.doStart(Module.java:571)
	at org.eclipse.osgi.container.Module.start(Module.java:439)
	at org.eclipse.osgi.container.ModuleContainer$ContainerStartLevel.incStartLevel(ModuleContainer.java:1582)
	at org.eclipse.osgi.container.ModuleContainer$ContainerStartLevel.incStartLevel(ModuleContainer.java:1562)
	at org.eclipse.osgi.container.ModuleContainer$ContainerStartLevel.doContainerStartLevel(ModuleContainer.java:1533)
	at org.eclipse.osgi.container.ModuleContainer$ContainerStartLevel.dispatchEvent(ModuleContainer.java:1476)
	at org.eclipse.osgi.container.ModuleContainer$ContainerStartLevel.dispatchEvent(ModuleContainer.java:1)
	at org.eclipse.osgi.framework.eventmgr.EventManager.dispatchEvent(EventManager.java:230)
	at org.eclipse.osgi.framework.eventmgr.EventManager$EventThread.run(EventManager.java:340)

!ENTRY org.eclipse.osgi 2 0 2017-03-04 12:16:26.764
!MESSAGE While loading class "org.eclipse.core.internal.runtime.CompatibilityHelper", thread "Thread[Start Level: Equinox Container: 9028f11b-a600-0017-1ad4-f6e0b55358b1,5,main]" timed out waiting (5016ms) for thread "Thread[Component Resolve Thread,5,main]" to finish starting bundle "org.eclipse.core.runtime_3.10.0.v20140318-2214 [86]". To avoid deadlock, thread "Thread[Start Level: Equinox Container: 9028f11b-a600-0017-1ad4-f6e0b55358b1,5,main]" is proceeding but "org.eclipse.core.internal.runtime.CompatibilityHelper" may not be fully initialized.
!STACK 0
org.osgi.framework.BundleException: Unable to acquire the state change lock for the module: osgi.identity; osgi.identity="org.eclipse.core.runtime"; type="osgi.bundle"; version:Version="3.10.0.v20140318-2214"; singleton:="true" [id=86] STARTED [STARTED]
	at org.eclipse.osgi.container.Module.lockStateChange(Module.java:329)
	at org.eclipse.osgi.container.Module.start(Module.java:389)
	at org.eclipse.osgi.framework.util.SecureAction.start(SecureAction.java:454)
	at org.eclipse.osgi.internal.hooks.EclipseLazyStarter.postFindLocalClass(EclipseLazyStarter.java:107)
	at org.eclipse.osgi.internal.loader.classpath.ClasspathManager.findLocalClass(ClasspathManager.java:531)
	at org.eclipse.osgi.internal.loader.ModuleClassLoader.findLocalClass(ModuleClassLoader.java:324)
	at org.eclipse.osgi.internal.loader.BundleLoader.findLocalClass(BundleLoader.java:311)
	at org.eclipse.osgi.internal.loader.BundleLoader.findClassInternal(BundleLoader.java:386)
	at org.eclipse.osgi.internal.loader.BundleLoader.findClass(BundleLoader.java:336)
	at org.eclipse.osgi.internal.loader.BundleLoader.findClass(BundleLoader.java:328)
	at org.eclipse.osgi.internal.loader.ModuleClassLoader.loadClass(ModuleClassLoader.java:160)
	at java.lang.ClassLoader.loadClass(Unknown Source)
	at org.eclipse.core.runtime.Plugin.initializeDescriptor(Plugin.java:776)
	at org.eclipse.core.runtime.Plugin.start(Plugin.java:768)
	at org.eclipse.m2e.logback.configuration.LogPlugin.start(LogPlugin.java:81)
	at org.eclipse.osgi.internal.framework.BundleContextImpl$3.run(BundleContextImpl.java:771)
	at org.eclipse.osgi.internal.framework.BundleContextImpl$3.run(BundleContextImpl.java:1)
	at java.security.AccessController.doPrivileged(Native Method)
	at org.eclipse.osgi.internal.framework.BundleContextImpl.startActivator(BundleContextImpl.java:764)
	at org.eclipse.osgi.internal.framework.BundleContextImpl.start(BundleContextImpl.java:721)
	at org.eclipse.osgi.internal.framework.EquinoxBundle.startWorker0(EquinoxBundle.java:936)
	at org.eclipse.osgi.internal.framework.EquinoxBundle$EquinoxModule.startWorker(EquinoxBundle.java:319)
	at org.eclipse.osgi.container.Module.doStart(Module.java:571)
	at org.eclipse.osgi.container.Module.start(Module.java:439)
	at org.eclipse.osgi.container.ModuleContainer$ContainerStartLevel.incStartLevel(ModuleContainer.java:1582)
	at org.eclipse.osgi.container.ModuleContainer$ContainerStartLevel.incStartLevel(ModuleContainer.java:1562)
	at org.eclipse.osgi.container.ModuleContainer$ContainerStartLevel.doContainerStartLevel(ModuleContainer.java:1533)
	at org.eclipse.osgi.container.ModuleContainer$ContainerStartLevel.dispatchEvent(ModuleContainer.java:1476)
	at org.eclipse.osgi.container.ModuleContainer$ContainerStartLevel.dispatchEvent(ModuleContainer.java:1)
	at org.eclipse.osgi.framework.eventmgr.EventManager.dispatchEvent(EventManager.java:230)
	at org.eclipse.osgi.framework.eventmgr.EventManager$EventThread.run(EventManager.java:340)

!ENTRY org.eclipse.osgi 2 0 2017-03-04 12:16:31.811
!MESSAGE While loading class "org.eclipse.core.internal.runtime.CompatibilityHelper", thread "Thread[Start Level: Equinox Container: 9028f11b-a600-0017-1ad4-f6e0b55358b1,5,main]" timed out waiting (5016ms) for thread "Thread[Component Resolve Thread,5,main]" to finish starting bundle "org.eclipse.core.runtime_3.10.0.v20140318-2214 [86]". To avoid deadlock, thread "Thread[Start Level: Equinox Container: 9028f11b-a600-0017-1ad4-f6e0b55358b1,5,main]" is proceeding but "org.eclipse.core.internal.runtime.CompatibilityHelper" may not be fully initialized.
!STACK 0
org.osgi.framework.BundleException: Unable to acquire the state change lock for the module: osgi.identity; osgi.identity="org.eclipse.core.runtime"; type="osgi.bundle"; version:Version="3.10.0.v20140318-2214"; singleton:="true" [id=86] STARTED [STARTED]
	at org.eclipse.osgi.container.Module.lockStateChange(Module.java:329)
	at org.eclipse.osgi.container.Module.start(Module.java:389)
	at org.eclipse.osgi.framework.util.SecureAction.start(SecureAction.java:454)
	at org.eclipse.osgi.internal.hooks.EclipseLazyStarter.postFindLocalClass(EclipseLazyStarter.java:107)
	at org.eclipse.osgi.internal.loader.classpath.ClasspathManager.findLocalClass(ClasspathManager.java:531)
	at org.eclipse.osgi.internal.loader.ModuleClassLoader.findLocalClass(ModuleClassLoader.java:324)
	at org.eclipse.osgi.internal.loader.BundleLoader.findLocalClass(BundleLoader.java:311)
	at org.eclipse.osgi.internal.loader.sources.SingleSourcePackage.loadClass(SingleSourcePackage.java:36)
	at org.eclipse.osgi.internal.loader.sources.MultiSourcePackage.loadClass(MultiSourcePackage.java:32)
	at org.eclipse.osgi.internal.loader.BundleLoader.findClassInternal(BundleLoader.java:382)
	at org.eclipse.osgi.internal.loader.BundleLoader.findClass(BundleLoader.java:336)
	at org.eclipse.osgi.internal.loader.BundleLoader.findClass(BundleLoader.java:328)
	at org.eclipse.osgi.internal.loader.ModuleClassLoader.loadClass(ModuleClassLoader.java:160)
	at java.lang.ClassLoader.loadClass(Unknown Source)
	at org.eclipse.core.internal.plugins.CompatibilityActivator.start(CompatibilityActivator.java:22)
	at org.eclipse.osgi.internal.framework.BundleContextImpl$3.run(BundleContextImpl.java:771)
	at org.eclipse.osgi.internal.framework.BundleContextImpl$3.run(BundleContextImpl.java:1)
	at java.security.AccessController.doPrivileged(Native Method)
	at org.eclipse.osgi.internal.framework.BundleContextImpl.startActivator(BundleContextImpl.java:764)
	at org.eclipse.osgi.internal.framework.BundleContextImpl.start(BundleContextImpl.java:721)
	at org.eclipse.osgi.internal.framework.EquinoxBundle.startWorker0(EquinoxBundle.java:936)
	at org.eclipse.osgi.internal.framework.EquinoxBundle$EquinoxModule.startWorker(EquinoxBundle.java:319)
	at org.eclipse.osgi.container.Module.doStart(Module.java:571)
	at org.eclipse.osgi.container.Module.start(Module.java:439)
	at org.eclipse.osgi.framework.util.SecureAction.start(SecureAction.java:454)
	at org.eclipse.osgi.internal.hooks.EclipseLazyStarter.postFindLocalClass(EclipseLazyStarter.java:107)
	at org.eclipse.osgi.internal.loader.classpath.ClasspathManager.findLocalClass(ClasspathManager.java:531)
	at org.eclipse.osgi.internal.loader.ModuleClassLoader.findLocalClass(ModuleClassLoader.java:324)
	at org.eclipse.osgi.internal.loader.BundleLoader.findLocalClass(BundleLoader.java:311)
	at org.eclipse.osgi.internal.loader.BundleLoader.findClassInternal(BundleLoader.java:386)
	at org.eclipse.osgi.internal.loader.BundleLoader.findClass(BundleLoader.java:336)
	at org.eclipse.osgi.internal.loader.BundleLoader.findClass(BundleLoader.java:328)
	at org.eclipse.osgi.internal.loader.ModuleClassLoader.loadClass(ModuleClassLoader.java:160)
	at java.lang.ClassLoader.loadClass(Unknown Source)
	at org.eclipse.osgi.internal.framework.EquinoxBundle.loadClass(EquinoxBundle.java:568)
	at org.eclipse.core.internal.runtime.CompatibilityHelper.getPluginDescriptor(CompatibilityHelper.java:64)
	at org.eclipse.core.runtime.Plugin.initializeDescriptor(Plugin.java:783)
	at org.eclipse.core.runtime.Plugin.start(Plugin.java:768)
	at org.eclipse.m2e.logback.configuration.LogPlugin.start(LogPlugin.java:81)
	at org.eclipse.osgi.internal.framework.BundleContextImpl$3.run(BundleContextImpl.java:771)
	at org.eclipse.osgi.internal.framework.BundleContextImpl$3.run(BundleContextImpl.java:1)
	at java.security.AccessController.doPrivileged(Native Method)
	at org.eclipse.osgi.internal.framework.BundleContextImpl.startActivator(BundleContextImpl.java:764)
	at org.eclipse.osgi.internal.framework.BundleContextImpl.start(BundleContextImpl.java:721)
	at org.eclipse.osgi.internal.framework.EquinoxBundle.startWorker0(EquinoxBundle.java:936)
	at org.eclipse.osgi.internal.framework.EquinoxBundle$EquinoxModule.startWorker(EquinoxBundle.java:319)
	at org.eclipse.osgi.container.Module.doStart(Module.java:571)
	at org.eclipse.osgi.container.Module.start(Module.java:439)
	at org.eclipse.osgi.container.ModuleContainer$ContainerStartLevel.incStartLevel(ModuleContainer.java:1582)
	at org.eclipse.osgi.container.ModuleContainer$ContainerStartLevel.incStartLevel(ModuleContainer.java:1562)
	at org.eclipse.osgi.container.ModuleContainer$ContainerStartLevel.doContainerStartLevel(ModuleContainer.java:1533)
	at org.eclipse.osgi.container.ModuleContainer$ContainerStartLevel.dispatchEvent(ModuleContainer.java:1476)
	at org.eclipse.osgi.container.ModuleContainer$ContainerStartLevel.dispatchEvent(ModuleContainer.java:1)
	at org.eclipse.osgi.framework.eventmgr.EventManager.dispatchEvent(EventManager.java:230)
	at org.eclipse.osgi.framework.eventmgr.EventManager$EventThread.run(EventManager.java:340)

!ENTRY org.eclipse.osgi 2 0 2017-03-04 12:16:36.858
!MESSAGE While loading class "org.eclipse.core.runtime.IPluginRegistry", thread "Thread[Start Level: Equinox Container: 9028f11b-a600-0017-1ad4-f6e0b55358b1,5,main]" timed out waiting (5016ms) for thread "Thread[Component Resolve Thread,5,main]" to finish starting bundle "org.eclipse.core.runtime_3.10.0.v20140318-2214 [86]". To avoid deadlock, thread "Thread[Start Level: Equinox Container: 9028f11b-a600-0017-1ad4-f6e0b55358b1,5,main]" is proceeding but "org.eclipse.core.runtime.IPluginRegistry" may not be fully initialized.
!STACK 0
org.osgi.framework.BundleException: Unable to acquire the state change lock for the module: osgi.identity; osgi.identity="org.eclipse.core.runtime"; type="osgi.bundle"; version:Version="3.10.0.v20140318-2214"; singleton:="true" [id=86] STARTED [STARTED]
	at org.eclipse.osgi.container.Module.lockStateChange(Module.java:329)
	at org.eclipse.osgi.container.Module.start(Module.java:389)
	at org.eclipse.osgi.framework.util.SecureAction.start(SecureAction.java:454)
	at org.eclipse.osgi.internal.hooks.EclipseLazyStarter.postFindLocalClass(EclipseLazyStarter.java:107)
	at org.eclipse.osgi.internal.loader.classpath.ClasspathManager.findLocalClass(ClasspathManager.java:531)
	at org.eclipse.osgi.internal.loader.ModuleClassLoader.findLocalClass(ModuleClassLoader.java:324)
	at org.eclipse.osgi.internal.loader.BundleLoader.findLocalClass(BundleLoader.java:311)
	at org.eclipse.osgi.internal.loader.sources.SingleSourcePackage.loadClass(SingleSourcePackage.java:36)
	at org.eclipse.osgi.internal.loader.sources.MultiSourcePackage.loadClass(MultiSourcePackage.java:32)
	at org.eclipse.osgi.internal.loader.BundleLoader.findClassInternal(BundleLoader.java:382)
	at org.eclipse.osgi.internal.loader.BundleLoader.findClass(BundleLoader.java:336)
	at org.eclipse.osgi.internal.loader.BundleLoader.findClass(BundleLoader.java:328)
	at org.eclipse.osgi.internal.loader.ModuleClassLoader.loadClass(ModuleClassLoader.java:160)
	at java.lang.ClassLoader.loadClass(Unknown Source)
	at java.lang.Class.getDeclaredMethods0(Native Method)
	at java.lang.Class.privateGetDeclaredMethods(Unknown Source)
	at java.lang.Class.getMethod0(Unknown Source)
	at java.lang.Class.getMethod(Unknown Source)
	at org.eclipse.core.internal.runtime.CompatibilityHelper.getPluginDescriptor(CompatibilityHelper.java:65)
	at org.eclipse.core.internal.plugins.CompatibilityActivator.start(CompatibilityActivator.java:22)
	at org.eclipse.osgi.internal.framework.BundleContextImpl$3.run(BundleContextImpl.java:771)
	at org.eclipse.osgi.internal.framework.BundleContextImpl$3.run(BundleContextImpl.java:1)
	at java.security.AccessController.doPrivileged(Native Method)
	at org.eclipse.osgi.internal.framework.BundleContextImpl.startActivator(BundleContextImpl.java:764)
	at org.eclipse.osgi.internal.framework.BundleContextImpl.start(BundleContextImpl.java:721)
	at org.eclipse.osgi.internal.framework.EquinoxBundle.startWorker0(EquinoxBundle.java:936)
	at org.eclipse.osgi.internal.framework.EquinoxBundle$EquinoxModule.startWorker(EquinoxBundle.java:319)
	at org.eclipse.osgi.container.Module.doStart(Module.java:571)
	at org.eclipse.osgi.container.Module.start(Module.java:439)
	at org.eclipse.osgi.framework.util.SecureAction.start(SecureAction.java:454)
	at org.eclipse.osgi.internal.hooks.EclipseLazyStarter.postFindLocalClass(EclipseLazyStarter.java:107)
	at org.eclipse.osgi.internal.loader.classpath.ClasspathManager.findLocalClass(ClasspathManager.java:531)
	at org.eclipse.osgi.internal.loader.ModuleClassLoader.findLocalClass(ModuleClassLoader.java:324)
	at org.eclipse.osgi.internal.loader.BundleLoader.findLocalClass(BundleLoader.java:311)
	at org.eclipse.osgi.internal.loader.BundleLoader.findClassInternal(BundleLoader.java:386)
	at org.eclipse.osgi.internal.loader.BundleLoader.findClass(BundleLoader.java:336)
	at org.eclipse.osgi.internal.loader.BundleLoader.findClass(BundleLoader.java:328)
	at org.eclipse.osgi.internal.loader.ModuleClassLoader.loadClass(ModuleClassLoader.java:160)
	at java.lang.ClassLoader.loadClass(Unknown Source)
	at org.eclipse.osgi.internal.framework.EquinoxBundle.loadClass(EquinoxBundle.java:568)
	at org.eclipse.core.internal.runtime.CompatibilityHelper.getPluginDescriptor(CompatibilityHelper.java:64)
	at org.eclipse.core.runtime.Plugin.initializeDescriptor(Plugin.java:783)
	at org.eclipse.core.runtime.Plugin.start(Plugin.java:768)
	at org.eclipse.m2e.logback.configuration.LogPlugin.start(LogPlugin.java:81)
	at org.eclipse.osgi.internal.framework.BundleContextImpl$3.run(BundleContextImpl.java:771)
	at org.eclipse.osgi.internal.framework.BundleContextImpl$3.run(BundleContextImpl.java:1)
	at java.security.AccessController.doPrivileged(Native Method)
	at org.eclipse.osgi.internal.framework.BundleContextImpl.startActivator(BundleContextImpl.java:764)
	at org.eclipse.osgi.internal.framework.BundleContextImpl.start(BundleContextImpl.java:721)
	at org.eclipse.osgi.internal.framework.EquinoxBundle.startWorker0(EquinoxBundle.java:936)
	at org.eclipse.osgi.internal.framework.EquinoxBundle$EquinoxModule.startWorker(EquinoxBundle.java:319)
	at org.eclipse.osgi.container.Module.doStart(Module.java:571)
	at org.eclipse.osgi.container.Module.start(Module.java:439)
	at org.eclipse.osgi.container.ModuleContainer$ContainerStartLevel.incStartLevel(ModuleContainer.java:1582)
	at org.eclipse.osgi.container.ModuleContainer$ContainerStartLevel.incStartLevel(ModuleContainer.java:1562)
	at org.eclipse.osgi.container.ModuleContainer$ContainerStartLevel.doContainerStartLevel(ModuleContainer.java:1533)
	at org.eclipse.osgi.container.ModuleContainer$ContainerStartLevel.dispatchEvent(ModuleContainer.java:1476)
	at org.eclipse.osgi.container.ModuleContainer$ContainerStartLevel.dispatchEvent(ModuleContainer.java:1)
	at org.eclipse.osgi.framework.eventmgr.EventManager.dispatchEvent(EventManager.java:230)
	at org.eclipse.osgi.framework.eventmgr.EventManager$EventThread.run(EventManager.java:340)

!ENTRY org.eclipse.osgi 2 0 2017-03-04 12:16:41.874
!MESSAGE While loading class "org.eclipse.core.runtime.IPluginDescriptor", thread "Thread[Start Level: Equinox Container: 9028f11b-a600-0017-1ad4-f6e0b55358b1,5,main]" timed out waiting (5016ms) for thread "Thread[Component Resolve Thread,5,main]" to finish starting bundle "org.eclipse.equinox.registry_3.5.400.v20140428-1507 [335]". To avoid deadlock, thread "Thread[Start Level: Equinox Container: 9028f11b-a600-0017-1ad4-f6e0b55358b1,5,main]" is proceeding but "org.eclipse.core.runtime.IPluginDescriptor" may not be fully initialized.
!STACK 0
org.osgi.framework.BundleException: Unable to acquire the state change lock for the module: osgi.identity; osgi.identity="org.eclipse.equinox.registry"; type="osgi.bundle"; version:Version="3.5.400.v20140428-1507"; singleton:="true" [id=335] STARTED [STARTED]
	at org.eclipse.osgi.container.Module.lockStateChange(Module.java:329)
	at org.eclipse.osgi.container.Module.start(Module.java:389)
	at org.eclipse.osgi.framework.util.SecureAction.start(SecureAction.java:454)
	at org.eclipse.osgi.internal.hooks.EclipseLazyStarter.postFindLocalClass(EclipseLazyStarter.java:107)
	at org.eclipse.osgi.internal.loader.classpath.ClasspathManager.findLocalClass(ClasspathManager.java:531)
	at org.eclipse.osgi.internal.loader.ModuleClassLoader.findLocalClass(ModuleClassLoader.java:324)
	at org.eclipse.osgi.internal.loader.BundleLoader.findLocalClass(BundleLoader.java:311)
	at org.eclipse.osgi.internal.loader.sources.SingleSourcePackage.loadClass(SingleSourcePackage.java:36)
	at org.eclipse.osgi.internal.loader.sources.MultiSourcePackage.loadClass(MultiSourcePackage.java:32)
	at org.eclipse.osgi.internal.loader.BundleLoader.findClassInternal(BundleLoader.java:382)
	at org.eclipse.osgi.internal.loader.BundleLoader.findClass(BundleLoader.java:336)
	at org.eclipse.osgi.internal.loader.BundleLoader.findClass(BundleLoader.java:328)
	at org.eclipse.osgi.internal.loader.ModuleClassLoader.loadClass(ModuleClassLoader.java:160)
	at java.lang.ClassLoader.loadClass(Unknown Source)
	at java.lang.Class.getDeclaredMethods0(Native Method)
	at java.lang.Class.privateGetDeclaredMethods(Unknown Source)
	at java.lang.Class.getMethod0(Unknown Source)
	at java.lang.Class.getMethod(Unknown Source)
	at org.eclipse.core.internal.runtime.CompatibilityHelper.getPluginDescriptor(CompatibilityHelper.java:65)
	at org.eclipse.core.internal.plugins.CompatibilityActivator.start(CompatibilityActivator.java:22)
	at org.eclipse.osgi.internal.framework.BundleContextImpl$3.run(BundleContextImpl.java:771)
	at org.eclipse.osgi.internal.framework.BundleContextImpl$3.run(BundleContextImpl.java:1)
	at java.security.AccessController.doPrivileged(Native Method)
	at org.eclipse.osgi.internal.framework.BundleContextImpl.startActivator(BundleContextImpl.java:764)
	at org.eclipse.osgi.internal.framework.BundleContextImpl.start(BundleContextImpl.java:721)
	at org.eclipse.osgi.internal.framework.EquinoxBundle.startWorker0(EquinoxBundle.java:936)
	at org.eclipse.osgi.internal.framework.EquinoxBundle$EquinoxModule.startWorker(EquinoxBundle.java:319)
	at org.eclipse.osgi.container.Module.doStart(Module.java:571)
	at org.eclipse.osgi.container.Module.start(Module.java:439)
	at org.eclipse.osgi.framework.util.SecureAction.start(SecureAction.java:454)
	at org.eclipse.osgi.internal.hooks.EclipseLazyStarter.postFindLocalClass(EclipseLazyStarter.java:107)
	at org.eclipse.osgi.internal.loader.classpath.ClasspathManager.findLocalClass(ClasspathManager.java:531)
	at org.eclipse.osgi.internal.loader.ModuleClassLoader.findLocalClass(ModuleClassLoader.java:324)
	at org.eclipse.osgi.internal.loader.BundleLoader.findLocalClass(BundleLoader.java:311)
	at org.eclipse.osgi.internal.loader.BundleLoader.findClassInternal(BundleLoader.java:386)
	at org.eclipse.osgi.internal.loader.BundleLoader.findClass(BundleLoader.java:336)
	at org.eclipse.osgi.internal.loader.BundleLoader.findClass(BundleLoader.java:328)
	at org.eclipse.osgi.internal.loader.ModuleClassLoader.loadClass(ModuleClassLoader.java:160)
	at java.lang.ClassLoader.loadClass(Unknown Source)
	at org.eclipse.osgi.internal.framework.EquinoxBundle.loadClass(EquinoxBundle.java:568)
	at org.eclipse.core.internal.runtime.CompatibilityHelper.getPluginDescriptor(CompatibilityHelper.java:64)
	at org.eclipse.core.runtime.Plugin.initializeDescriptor(Plugin.java:783)
	at org.eclipse.core.runtime.Plugin.start(Plugin.java:768)
	at org.eclipse.m2e.logback.configuration.LogPlugin.start(LogPlugin.java:81)
	at org.eclipse.osgi.internal.framework.BundleContextImpl$3.run(BundleContextImpl.java:771)
	at org.eclipse.osgi.internal.framework.BundleContextImpl$3.run(BundleContextImpl.java:1)
	at java.security.AccessController.doPrivileged(Native Method)
	at org.eclipse.osgi.internal.framework.BundleContextImpl.startActivator(BundleContextImpl.java:764)
	at org.eclipse.osgi.internal.framework.BundleContextImpl.start(BundleContextImpl.java:721)
	at org.eclipse.osgi.internal.framework.EquinoxBundle.startWorker0(EquinoxBundle.java:936)
	at org.eclipse.osgi.internal.framework.EquinoxBundle$EquinoxModule.startWorker(EquinoxBundle.java:319)
	at org.eclipse.osgi.container.Module.doStart(Module.java:571)
	at org.eclipse.osgi.container.Module.start(Module.java:439)
	at org.eclipse.osgi.container.ModuleContainer$ContainerStartLevel.incStartLevel(ModuleContainer.java:1582)
	at org.eclipse.osgi.container.ModuleContainer$ContainerStartLevel.incStartLevel(ModuleContainer.java:1562)
	at org.eclipse.osgi.container.ModuleContainer$ContainerStartLevel.doContainerStartLevel(ModuleContainer.java:1533)
	at org.eclipse.osgi.container.ModuleContainer$ContainerStartLevel.dispatchEvent(ModuleContainer.java:1476)
	at org.eclipse.osgi.container.ModuleContainer$ContainerStartLevel.dispatchEvent(ModuleContainer.java:1)
	at org.eclipse.osgi.framework.eventmgr.EventManager.dispatchEvent(EventManager.java:230)
	at org.eclipse.osgi.framework.eventmgr.EventManager$EventThread.run(EventManager.java:340)

!ENTRY org.eclipse.osgi 2 0 2017-03-04 12:16:46.921
!MESSAGE While loading class "org.eclipse.core.internal.runtime.InternalPlatform", thread "Thread[Start Level: Equinox Container: 9028f11b-a600-0017-1ad4-f6e0b55358b1,5,main]" timed out waiting (5016ms) for thread "Thread[Component Resolve Thread,5,main]" to finish starting bundle "org.eclipse.core.runtime_3.10.0.v20140318-2214 [86]". To avoid deadlock, thread "Thread[Start Level: Equinox Container: 9028f11b-a600-0017-1ad4-f6e0b55358b1,5,main]" is proceeding but "org.eclipse.core.internal.runtime.InternalPlatform" may not be fully initialized.
!STACK 0
org.osgi.framework.BundleException: Unable to acquire the state change lock for the module: osgi.identity; osgi.identity="org.eclipse.core.runtime"; type="osgi.bundle"; version:Version="3.10.0.v20140318-2214"; singleton:="true" [id=86] STARTED [STARTED]
	at org.eclipse.osgi.container.Module.lockStateChange(Module.java:329)
	at org.eclipse.osgi.container.Module.start(Module.java:389)
	at org.eclipse.osgi.framework.util.SecureAction.start(SecureAction.java:454)
	at org.eclipse.osgi.internal.hooks.EclipseLazyStarter.postFindLocalClass(EclipseLazyStarter.java:107)
	at org.eclipse.osgi.internal.loader.classpath.ClasspathManager.findLocalClass(ClasspathManager.java:531)
	at org.eclipse.osgi.internal.loader.ModuleClassLoader.findLocalClass(ModuleClassLoader.java:324)
	at org.eclipse.osgi.internal.loader.BundleLoader.findLocalClass(BundleLoader.java:311)
	at org.eclipse.osgi.internal.loader.sources.SingleSourcePackage.loadClass(SingleSourcePackage.java:36)
	at org.eclipse.osgi.internal.loader.sources.MultiSourcePackage.loadClass(MultiSourcePackage.java:32)
	at org.eclipse.osgi.internal.loader.BundleLoader.findClassInternal(BundleLoader.java:382)
	at org.eclipse.osgi.internal.loader.BundleLoader.findClass(BundleLoader.java:336)
	at org.eclipse.osgi.internal.loader.BundleLoader.findClass(BundleLoader.java:328)
	at org.eclipse.osgi.internal.loader.ModuleClassLoader.loadClass(ModuleClassLoader.java:160)
	at java.lang.ClassLoader.loadClass(Unknown Source)
	at org.eclipse.core.internal.plugins.PluginRegistry.<init>(PluginRegistry.java:30)
	at org.eclipse.core.internal.plugins.InternalPlatform.getPluginRegistry(InternalPlatform.java:30)
	at org.eclipse.core.internal.plugins.InternalPlatform.getPluginDescriptor(InternalPlatform.java:36)
	at sun.reflect.NativeMethodAccessorImpl.invoke0(Native Method)
	at sun.reflect.NativeMethodAccessorImpl.invoke(Unknown Source)
	at sun.reflect.DelegatingMethodAccessorImpl.invoke(Unknown Source)
	at java.lang.reflect.Method.invoke(Unknown Source)
	at org.eclipse.core.internal.runtime.CompatibilityHelper.getPluginDescriptor(CompatibilityHelper.java:66)
	at org.eclipse.core.internal.plugins.CompatibilityActivator.start(CompatibilityActivator.java:22)
	at org.eclipse.osgi.internal.framework.BundleContextImpl$3.run(BundleContextImpl.java:771)
	at org.eclipse.osgi.internal.framework.BundleContextImpl$3.run(BundleContextImpl.java:1)
	at java.security.AccessController.doPrivileged(Native Method)
	at org.eclipse.osgi.internal.framework.BundleContextImpl.startActivator(BundleContextImpl.java:764)
	at org.eclipse.osgi.internal.framework.BundleContextImpl.start(BundleContextImpl.java:721)
	at org.eclipse.osgi.internal.framework.EquinoxBundle.startWorker0(EquinoxBundle.java:936)
	at org.eclipse.osgi.internal.framework.EquinoxBundle$EquinoxModule.startWorker(EquinoxBundle.java:319)
	at org.eclipse.osgi.container.Module.doStart(Module.java:571)
	at org.eclipse.osgi.container.Module.start(Module.java:439)
	at org.eclipse.osgi.framework.util.SecureAction.start(SecureAction.java:454)
	at org.eclipse.osgi.internal.hooks.EclipseLazyStarter.postFindLocalClass(EclipseLazyStarter.java:107)
	at org.eclipse.osgi.internal.loader.classpath.ClasspathManager.findLocalClass(ClasspathManager.java:531)
	at org.eclipse.osgi.internal.loader.ModuleClassLoader.findLocalClass(ModuleClassLoader.java:324)
	at org.eclipse.osgi.internal.loader.BundleLoader.findLocalClass(BundleLoader.java:311)
	at org.eclipse.osgi.internal.loader.BundleLoader.findClassInternal(BundleLoader.java:386)
	at org.eclipse.osgi.internal.loader.BundleLoader.findClass(BundleLoader.java:336)
	at org.eclipse.osgi.internal.loader.BundleLoader.findClass(BundleLoader.java:328)
	at org.eclipse.osgi.internal.loader.ModuleClassLoader.loadClass(ModuleClassLoader.java:160)
	at java.lang.ClassLoader.loadClass(Unknown Source)
	at org.eclipse.osgi.internal.framework.EquinoxBundle.loadClass(EquinoxBundle.java:568)
	at org.eclipse.core.internal.runtime.CompatibilityHelper.getPluginDescriptor(CompatibilityHelper.java:64)
	at org.eclipse.core.runtime.Plugin.initializeDescriptor(Plugin.java:783)
	at org.eclipse.core.runtime.Plugin.start(Plugin.java:768)
	at org.eclipse.m2e.logback.configuration.LogPlugin.start(LogPlugin.java:81)
	at org.eclipse.osgi.internal.framework.BundleContextImpl$3.run(BundleContextImpl.java:771)
	at org.eclipse.osgi.internal.framework.BundleContextImpl$3.run(BundleContextImpl.java:1)
	at java.security.AccessController.doPrivileged(Native Method)
	at org.eclipse.osgi.internal.framework.BundleContextImpl.startActivator(BundleContextImpl.java:764)
	at org.eclipse.osgi.internal.framework.BundleContextImpl.start(BundleContextImpl.java:721)
	at org.eclipse.osgi.internal.framework.EquinoxBundle.startWorker0(EquinoxBundle.java:936)
	at org.eclipse.osgi.internal.framework.EquinoxBundle$EquinoxModule.startWorker(EquinoxBundle.java:319)
	at org.eclipse.osgi.container.Module.doStart(Module.java:571)
	at org.eclipse.osgi.container.Module.start(Module.java:439)
	at org.eclipse.osgi.container.ModuleContainer$ContainerStartLevel.incStartLevel(ModuleContainer.java:1582)
	at org.eclipse.osgi.container.ModuleContainer$ContainerStartLevel.incStartLevel(ModuleContainer.java:1562)
	at org.eclipse.osgi.container.ModuleContainer$ContainerStartLevel.doContainerStartLevel(ModuleContainer.java:1533)
	at org.eclipse.osgi.container.ModuleContainer$ContainerStartLevel.dispatchEvent(ModuleContainer.java:1476)
	at org.eclipse.osgi.container.ModuleContainer$ContainerStartLevel.dispatchEvent(ModuleContainer.java:1)
	at org.eclipse.osgi.framework.eventmgr.EventManager.dispatchEvent(EventManager.java:230)
	at org.eclipse.osgi.framework.eventmgr.EventManager$EventThread.run(EventManager.java:340)

!ENTRY org.eclipse.osgi 2 0 2017-03-04 12:16:52.790
!MESSAGE While loading class "org.eclipse.core.runtime.Plugin", thread "Thread[Start Level: Equinox Container: 9028f11b-a600-0017-1ad4-f6e0b55358b1,5,main]" timed out waiting (5010ms) for thread "Thread[Component Resolve Thread,5,main]" to finish starting bundle "org.eclipse.core.runtime_3.10.0.v20140318-2214 [86]". To avoid deadlock, thread "Thread[Start Level: Equinox Container: 9028f11b-a600-0017-1ad4-f6e0b55358b1,5,main]" is proceeding but "org.eclipse.core.runtime.Plugin" may not be fully initialized.
!STACK 0
org.osgi.framework.BundleException: Unable to acquire the state change lock for the module: osgi.identity; osgi.identity="org.eclipse.core.runtime"; type="osgi.bundle"; version:Version="3.10.0.v20140318-2214"; singleton:="true" [id=86] STARTED [STARTED]
	at org.eclipse.osgi.container.Module.lockStateChange(Module.java:329)
	at org.eclipse.osgi.container.Module.start(Module.java:389)
	at org.eclipse.osgi.framework.util.SecureAction.start(SecureAction.java:454)
	at org.eclipse.osgi.internal.hooks.EclipseLazyStarter.postFindLocalClass(EclipseLazyStarter.java:107)
	at org.eclipse.osgi.internal.loader.classpath.ClasspathManager.findLocalClass(ClasspathManager.java:531)
	at org.eclipse.osgi.internal.loader.ModuleClassLoader.findLocalClass(ModuleClassLoader.java:324)
	at org.eclipse.osgi.internal.loader.BundleLoader.findLocalClass(BundleLoader.java:311)
	at org.eclipse.osgi.internal.loader.sources.SingleSourcePackage.loadClass(SingleSourcePackage.java:36)
	at org.eclipse.osgi.internal.loader.sources.MultiSourcePackage.loadClass(MultiSourcePackage.java:32)
	at org.eclipse.osgi.internal.loader.BundleLoader.findClassInternal(BundleLoader.java:382)
	at org.eclipse.osgi.internal.loader.BundleLoader.findClass(BundleLoader.java:336)
	at org.eclipse.osgi.internal.loader.BundleLoader.findClass(BundleLoader.java:328)
	at org.eclipse.osgi.internal.loader.ModuleClassLoader.loadClass(ModuleClassLoader.java:160)
	at java.lang.ClassLoader.loadClass(Unknown Source)
	at org.eclipse.core.internal.plugins.PluginRegistry.getPluginDescriptor(PluginRegistry.java:117)
	at org.eclipse.core.internal.plugins.PluginRegistry.getPluginDescriptor(PluginRegistry.java:104)
	at org.eclipse.core.internal.plugins.InternalPlatform.getPluginDescriptor(InternalPlatform.java:36)
	at sun.reflect.NativeMethodAccessorImpl.invoke0(Native Method)
	at sun.reflect.NativeMethodAccessorImpl.invoke(Unknown Source)
	at sun.reflect.DelegatingMethodAccessorImpl.invoke(Unknown Source)
	at java.lang.reflect.Method.invoke(Unknown Source)
	at org.eclipse.core.internal.runtime.CompatibilityHelper.getPluginDescriptor(CompatibilityHelper.java:66)
	at org.eclipse.core.internal.plugins.CompatibilityActivator.start(CompatibilityActivator.java:22)
	at org.eclipse.osgi.internal.framework.BundleContextImpl$3.run(BundleContextImpl.java:771)
	at org.eclipse.osgi.internal.framework.BundleContextImpl$3.run(BundleContextImpl.java:1)
	at java.security.AccessController.doPrivileged(Native Method)
	at org.eclipse.osgi.internal.framework.BundleContextImpl.startActivator(BundleContextImpl.java:764)
	at org.eclipse.osgi.internal.framework.BundleContextImpl.start(BundleContextImpl.java:721)
	at org.eclipse.osgi.internal.framework.EquinoxBundle.startWorker0(EquinoxBundle.java:936)
	at org.eclipse.osgi.internal.framework.EquinoxBundle$EquinoxModule.startWorker(EquinoxBundle.java:319)
	at org.eclipse.osgi.container.Module.doStart(Module.java:571)
	at org.eclipse.osgi.container.Module.start(Module.java:439)
	at org.eclipse.osgi.framework.util.SecureAction.start(SecureAction.java:454)
	at org.eclipse.osgi.internal.hooks.EclipseLazyStarter.postFindLocalClass(EclipseLazyStarter.java:107)
	at org.eclipse.osgi.internal.loader.classpath.ClasspathManager.findLocalClass(ClasspathManager.java:531)
	at org.eclipse.osgi.internal.loader.ModuleClassLoader.findLocalClass(ModuleClassLoader.java:324)
	at org.eclipse.osgi.internal.loader.BundleLoader.findLocalClass(BundleLoader.java:311)
	at org.eclipse.osgi.internal.loader.BundleLoader.findClassInternal(BundleLoader.java:386)
	at org.eclipse.osgi.internal.loader.BundleLoader.findClass(BundleLoader.java:336)
	at org.eclipse.osgi.internal.loader.BundleLoader.findClass(BundleLoader.java:328)
	at org.eclipse.osgi.internal.loader.ModuleClassLoader.loadClass(ModuleClassLoader.java:160)
	at java.lang.ClassLoader.loadClass(Unknown Source)
	at org.eclipse.osgi.internal.framework.EquinoxBundle.loadClass(EquinoxBundle.java:568)
	at org.eclipse.core.internal.runtime.CompatibilityHelper.getPluginDescriptor(CompatibilityHelper.java:64)
	at org.eclipse.core.runtime.Plugin.initializeDescriptor(Plugin.java:783)
	at org.eclipse.core.runtime.Plugin.start(Plugin.java:768)
	at org.eclipse.m2e.logback.configuration.LogPlugin.start(LogPlugin.java:81)
	at org.eclipse.osgi.internal.framework.BundleContextImpl$3.run(BundleContextImpl.java:771)
	at org.eclipse.osgi.internal.framework.BundleContextImpl$3.run(BundleContextImpl.java:1)
	at java.security.AccessController.doPrivileged(Native Method)
	at org.eclipse.osgi.internal.framework.BundleContextImpl.startActivator(BundleContextImpl.java:764)
	at org.eclipse.osgi.internal.framework.BundleContextImpl.start(BundleContextImpl.java:721)
	at org.eclipse.osgi.internal.framework.EquinoxBundle.startWorker0(EquinoxBundle.java:936)
	at org.eclipse.osgi.internal.framework.EquinoxBundle$EquinoxModule.startWorker(EquinoxBundle.java:319)
	at org.eclipse.osgi.container.Module.doStart(Module.java:571)
	at org.eclipse.osgi.container.Module.start(Module.java:439)
	at org.eclipse.osgi.container.ModuleContainer$ContainerStartLevel.incStartLevel(ModuleContainer.java:1582)
	at org.eclipse.osgi.container.ModuleContainer$ContainerStartLevel.incStartLevel(ModuleContainer.java:1562)
	at org.eclipse.osgi.container.ModuleContainer$ContainerStartLevel.doContainerStartLevel(ModuleContainer.java:1533)
	at org.eclipse.osgi.container.ModuleContainer$ContainerStartLevel.dispatchEvent(ModuleContainer.java:1476)
	at org.eclipse.osgi.container.ModuleContainer$ContainerStartLevel.dispatchEvent(ModuleContainer.java:1)
	at org.eclipse.osgi.framework.eventmgr.EventManager.dispatchEvent(EventManager.java:230)
	at org.eclipse.osgi.framework.eventmgr.EventManager$EventThread.run(EventManager.java:340)

!ENTRY org.eclipse.update.configurator 4 0 2017-03-04 12:16:53.634
!MESSAGE Could not rename configuration temp file

!ENTRY org.eclipse.update.configurator 4 0 2017-03-04 12:16:53.649
!MESSAGE Unable to save configuration file "E:\MSRIT clg\5th sem\java\eclipse\configuration\org.eclipse.update\platform.xml.tmp"
!STACK 0
java.io.IOException: Unable to save configuration file "E:\MSRIT clg\5th sem\java\eclipse\configuration\org.eclipse.update\platform.xml.tmp"
	at org.eclipse.update.internal.configurator.PlatformConfiguration.save(PlatformConfiguration.java:690)
	at org.eclipse.update.internal.configurator.PlatformConfiguration.save(PlatformConfiguration.java:574)
	at org.eclipse.update.internal.configurator.PlatformConfiguration.startup(PlatformConfiguration.java:714)
	at org.eclipse.update.internal.configurator.ConfigurationActivator.getPlatformConfiguration(ConfigurationActivator.java:404)
	at org.eclipse.update.internal.configurator.ConfigurationActivator.initialize(ConfigurationActivator.java:136)
	at org.eclipse.update.internal.configurator.ConfigurationActivator.start(ConfigurationActivator.java:69)
	at org.eclipse.osgi.internal.framework.BundleContextImpl$3.run(BundleContextImpl.java:771)
	at org.eclipse.osgi.internal.framework.BundleContextImpl$3.run(BundleContextImpl.java:1)
	at java.security.AccessController.doPrivileged(Native Method)
	at org.eclipse.osgi.internal.framework.BundleContextImpl.startActivator(BundleContextImpl.java:764)
	at org.eclipse.osgi.internal.framework.BundleContextImpl.start(BundleContextImpl.java:721)
	at org.eclipse.osgi.internal.framework.EquinoxBundle.startWorker0(EquinoxBundle.java:936)
	at org.eclipse.osgi.internal.framework.EquinoxBundle$EquinoxModule.startWorker(EquinoxBundle.java:319)
	at org.eclipse.osgi.container.Module.doStart(Module.java:571)
	at org.eclipse.osgi.container.Module.start(Module.java:439)
	at org.eclipse.osgi.framework.util.SecureAction.start(SecureAction.java:454)
	at org.eclipse.osgi.internal.hooks.EclipseLazyStarter.postFindLocalClass(EclipseLazyStarter.java:107)
	at org.eclipse.osgi.internal.loader.classpath.ClasspathManager.findLocalClass(ClasspathManager.java:531)
	at org.eclipse.osgi.internal.loader.ModuleClassLoader.findLocalClass(ModuleClassLoader.java:324)
	at org.eclipse.osgi.internal.loader.BundleLoader.findLocalClass(BundleLoader.java:311)
	at org.eclipse.osgi.internal.loader.BundleLoader.findClassInternal(BundleLoader.java:386)
	at org.eclipse.osgi.internal.loader.BundleLoader.findClass(BundleLoader.java:336)
	at org.eclipse.osgi.internal.loader.BundleLoader.findClass(BundleLoader.java:328)
	at org.eclipse.osgi.internal.loader.ModuleClassLoader.loadClass(ModuleClassLoader.java:160)
	at java.lang.ClassLoader.loadClass(Unknown Source)
	at org.eclipse.osgi.internal.framework.EquinoxBundle.loadClass(EquinoxBundle.java:568)
	at org.eclipse.equinox.internal.ds.model.ServiceComponent.createInstance(ServiceComponent.java:493)
	at org.eclipse.equinox.internal.ds.model.ServiceComponentProp.createInstance(ServiceComponentProp.java:270)
	at org.eclipse.equinox.internal.ds.model.ServiceComponentProp.build(ServiceComponentProp.java:331)
	at org.eclipse.equinox.internal.ds.InstanceProcess.buildComponent(InstanceProcess.java:620)
	at org.eclipse.equinox.internal.ds.ServiceReg.getService(ServiceReg.java:53)
	at org.eclipse.osgi.internal.serviceregistry.ServiceFactoryUse$1.run(ServiceFactoryUse.java:212)
	at java.security.AccessController.doPrivileged(Native Method)
	at org.eclipse.osgi.internal.serviceregistry.ServiceFactoryUse.factoryGetService(ServiceFactoryUse.java:210)
	at org.eclipse.osgi.internal.serviceregistry.ServiceFactoryUse.getService(ServiceFactoryUse.java:111)
	at org.eclipse.osgi.internal.serviceregistry.ServiceConsumer$2.getService(ServiceConsumer.java:45)
	at org.eclipse.osgi.internal.serviceregistry.ServiceRegistrationImpl.getService(ServiceRegistrationImpl.java:496)
	at org.eclipse.osgi.internal.serviceregistry.ServiceRegistry.getService(ServiceRegistry.java:461)
	at org.eclipse.osgi.internal.framework.BundleContextImpl.getService(BundleContextImpl.java:619)
	at org.osgi.util.tracker.ServiceTracker.addingService(ServiceTracker.java:414)
	at org.osgi.util.tracker.ServiceTracker$Tracked.customizerAdding(ServiceTracker.java:941)
	at org.osgi.util.tracker.ServiceTracker$Tracked.customizerAdding(ServiceTracker.java:1)
	at org.osgi.util.tracker.AbstractTracked.trackAdding(AbstractTracked.java:256)
	at org.osgi.util.tracker.AbstractTracked.trackInitial(AbstractTracked.java:183)
	at org.osgi.util.tracker.ServiceTracker.open(ServiceTracker.java:318)
	at org.osgi.util.tracker.ServiceTracker.open(ServiceTracker.java:261)
	at org.eclipse.core.internal.runtime.InternalPlatform.openOSGiTrackers(InternalPlatform.java:799)
	at org.eclipse.core.internal.runtime.InternalPlatform.start(InternalPlatform.java:706)
	at org.eclipse.core.internal.runtime.PlatformActivator.start(PlatformActivator.java:32)
	at org.eclipse.osgi.internal.framework.BundleContextImpl$3.run(BundleContextImpl.java:771)
	at org.eclipse.osgi.internal.framework.BundleContextImpl$3.run(BundleContextImpl.java:1)
	at java.security.AccessController.doPrivileged(Native Method)
	at org.eclipse.osgi.internal.framework.BundleContextImpl.startActivator(BundleContextImpl.java:764)
	at org.eclipse.osgi.internal.framework.BundleContextImpl.start(BundleContextImpl.java:721)
	at org.eclipse.osgi.internal.framework.EquinoxBundle.startWorker0(EquinoxBundle.java:936)
	at org.eclipse.osgi.internal.framework.EquinoxBundle$EquinoxModule.startWorker(EquinoxBundle.java:319)
	at org.eclipse.osgi.container.Module.doStart(Module.java:571)
	at org.eclipse.osgi.container.Module.start(Module.java:439)
	at org.eclipse.osgi.framework.util.SecureAction.start(SecureAction.java:454)
	at org.eclipse.osgi.internal.hooks.EclipseLazyStarter.postFindLocalClass(EclipseLazyStarter.java:107)
	at org.eclipse.osgi.internal.loader.classpath.ClasspathManager.findLocalClass(ClasspathManager.java:531)
	at org.eclipse.osgi.internal.loader.ModuleClassLoader.findLocalClass(ModuleClassLoader.java:324)
	at org.eclipse.osgi.internal.loader.BundleLoader.findLocalClass(BundleLoader.java:311)
	at org.eclipse.osgi.internal.loader.BundleLoader.findClassInternal(BundleLoader.java:386)
	at org.eclipse.osgi.internal.loader.BundleLoader.findClass(BundleLoader.java:336)
	at org.eclipse.osgi.internal.loader.BundleLoader.findClass(BundleLoader.java:328)
	at org.eclipse.osgi.internal.framework.BundleContextImpl.loadBundleActivator(BundleContextImpl.java:754)
	at org.eclipse.osgi.internal.framework.BundleContextImpl.start(BundleContextImpl.java:706)
	at org.eclipse.osgi.internal.framework.EquinoxBundle.startWorker0(EquinoxBundle.java:936)
	at org.eclipse.osgi.internal.framework.EquinoxBundle$EquinoxModule.startWorker(EquinoxBundle.java:319)
	at org.eclipse.osgi.container.Module.doStart(Module.java:571)
	at org.eclipse.osgi.container.Module.start(Module.java:439)
	at org.eclipse.osgi.framework.util.SecureAction.start(SecureAction.java:454)
	at org.eclipse.osgi.internal.hooks.EclipseLazyStarter.postFindLocalClass(EclipseLazyStarter.java:107)
	at org.eclipse.osgi.internal.loader.classpath.ClasspathManager.findLocalClass(ClasspathManager.java:531)
	at org.eclipse.osgi.internal.loader.ModuleClassLoader.findLocalClass(ModuleClassLoader.java:324)
	at org.eclipse.osgi.internal.loader.BundleLoader.findLocalClass(BundleLoader.java:311)
	at org.eclipse.osgi.internal.loader.BundleLoader.findClassInternal(BundleLoader.java:386)
	at org.eclipse.osgi.internal.loader.BundleLoader.findClass(BundleLoader.java:336)
	at org.eclipse.osgi.internal.loader.BundleLoader.findClass(BundleLoader.java:328)
	at org.eclipse.osgi.internal.loader.ModuleClassLoader.loadClass(ModuleClassLoader.java:160)
	at java.lang.ClassLoader.loadClass(Unknown Source)
	at org.eclipse.osgi.internal.framework.EquinoxBundle.loadClass(EquinoxBundle.java:568)
	at org.eclipse.equinox.internal.ds.model.ServiceComponent.createInstance(ServiceComponent.java:493)
	at org.eclipse.equinox.internal.ds.model.ServiceComponentProp.createInstance(ServiceComponentProp.java:270)
	at org.eclipse.equinox.internal.ds.model.ServiceComponentProp.build(ServiceComponentProp.java:331)
	at org.eclipse.equinox.internal.ds.InstanceProcess.buildComponent(InstanceProcess.java:620)
	at org.eclipse.equinox.internal.ds.InstanceProcess.buildComponents(InstanceProcess.java:197)
	at org.eclipse.equinox.internal.ds.Resolver.buildNewlySatisfied(Resolver.java:473)
	at org.eclipse.equinox.internal.ds.Resolver.enableComponents(Resolver.java:217)
	at org.eclipse.equinox.internal.ds.SCRManager.performWork(SCRManager.java:816)
	at org.eclipse.equinox.internal.ds.SCRManager$QueuedJob.dispatch(SCRManager.java:783)
	at org.eclipse.equinox.internal.ds.WorkThread.run(WorkThread.java:89)
	at java.lang.Thread.run(Unknown Source)

!ENTRY org.eclipse.osgi 2 0 2017-03-04 12:16:57.829
!MESSAGE While loading class "org.eclipse.core.runtime.IPluginPrerequisite", thread "Thread[Start Level: Equinox Container: 9028f11b-a600-0017-1ad4-f6e0b55358b1,5,main]" timed out waiting (5008ms) for thread "Thread[Component Resolve Thread,5,main]" to finish starting bundle "org.eclipse.core.runtime_3.10.0.v20140318-2214 [86]". To avoid deadlock, thread "Thread[Start Level: Equinox Container: 9028f11b-a600-0017-1ad4-f6e0b55358b1,5,main]" is proceeding but "org.eclipse.core.runtime.IPluginPrerequisite" may not be fully initialized.
!STACK 0
org.osgi.framework.BundleException: Unable to acquire the state change lock for the module: osgi.identity; osgi.identity="org.eclipse.core.runtime"; type="osgi.bundle"; version:Version="3.10.0.v20140318-2214"; singleton:="true" [id=86] STARTED [STARTED]
	at org.eclipse.osgi.container.Module.lockStateChange(Module.java:329)
	at org.eclipse.osgi.container.Module.start(Module.java:389)
	at org.eclipse.osgi.framework.util.SecureAction.start(SecureAction.java:454)
	at org.eclipse.osgi.internal.hooks.EclipseLazyStarter.postFindLocalClass(EclipseLazyStarter.java:107)
	at org.eclipse.osgi.internal.loader.classpath.ClasspathManager.findLocalClass(ClasspathManager.java:531)
	at org.eclipse.osgi.internal.loader.ModuleClassLoader.findLocalClass(ModuleClassLoader.java:324)
	at org.eclipse.osgi.internal.loader.BundleLoader.findLocalClass(BundleLoader.java:311)
	at org.eclipse.osgi.internal.loader.sources.SingleSourcePackage.loadClass(SingleSourcePackage.java:36)
	at org.eclipse.osgi.internal.loader.sources.MultiSourcePackage.loadClass(MultiSourcePackage.java:32)
	at org.eclipse.osgi.internal.loader.BundleLoader.findClassInternal(BundleLoader.java:382)
	at org.eclipse.osgi.internal.loader.BundleLoader.findClass(BundleLoader.java:336)
	at org.eclipse.osgi.internal.loader.BundleLoader.findClass(BundleLoader.java:328)
	at org.eclipse.osgi.internal.loader.ModuleClassLoader.loadClass(ModuleClassLoader.java:160)
	at java.lang.ClassLoader.loadClass(Unknown Source)
	at java.lang.Class.getDeclaredMethods0(Native Method)
	at java.lang.Class.privateGetDeclaredMethods(Unknown Source)
	at java.lang.Class.getMethod0(Unknown Source)
	at java.lang.Class.getMethod(Unknown Source)
	at org.eclipse.core.internal.runtime.CompatibilityHelper.setPlugin(CompatibilityHelper.java:49)
	at org.eclipse.core.internal.plugins.CompatibilityActivator.start(CompatibilityActivator.java:23)
	at org.eclipse.osgi.internal.framework.BundleContextImpl$3.run(BundleContextImpl.java:771)
	at org.eclipse.osgi.internal.framework.BundleContextImpl$3.run(BundleContextImpl.java:1)
	at java.security.AccessController.doPrivileged(Native Method)
	at org.eclipse.osgi.internal.framework.BundleContextImpl.startActivator(BundleContextImpl.java:764)
	at org.eclipse.osgi.internal.framework.BundleContextImpl.start(BundleContextImpl.java:721)
	at org.eclipse.osgi.internal.framework.EquinoxBundle.startWorker0(EquinoxBundle.java:936)
	at org.eclipse.osgi.internal.framework.EquinoxBundle$EquinoxModule.startWorker(EquinoxBundle.java:319)
	at org.eclipse.osgi.container.Module.doStart(Module.java:571)
	at org.eclipse.osgi.container.Module.start(Module.java:439)
	at org.eclipse.osgi.framework.util.SecureAction.start(SecureAction.java:454)
	at org.eclipse.osgi.internal.hooks.EclipseLazyStarter.postFindLocalClass(EclipseLazyStarter.java:107)
	at org.eclipse.osgi.internal.loader.classpath.ClasspathManager.findLocalClass(ClasspathManager.java:531)
	at org.eclipse.osgi.internal.loader.ModuleClassLoader.findLocalClass(ModuleClassLoader.java:324)
	at org.eclipse.osgi.internal.loader.BundleLoader.findLocalClass(BundleLoader.java:311)
	at org.eclipse.osgi.internal.loader.BundleLoader.findClassInternal(BundleLoader.java:386)
	at org.eclipse.osgi.internal.loader.BundleLoader.findClass(BundleLoader.java:336)
	at org.eclipse.osgi.internal.loader.BundleLoader.findClass(BundleLoader.java:328)
	at org.eclipse.osgi.internal.loader.ModuleClassLoader.loadClass(ModuleClassLoader.java:160)
	at java.lang.ClassLoader.loadClass(Unknown Source)
	at org.eclipse.osgi.internal.framework.EquinoxBundle.loadClass(EquinoxBundle.java:568)
	at org.eclipse.core.internal.runtime.CompatibilityHelper.getPluginDescriptor(CompatibilityHelper.java:64)
	at org.eclipse.core.runtime.Plugin.initializeDescriptor(Plugin.java:783)
	at org.eclipse.core.runtime.Plugin.start(Plugin.java:768)
	at org.eclipse.m2e.logback.configuration.LogPlugin.start(LogPlugin.java:81)
	at org.eclipse.osgi.internal.framework.BundleContextImpl$3.run(BundleContextImpl.java:771)
	at org.eclipse.osgi.internal.framework.BundleContextImpl$3.run(BundleContextImpl.java:1)
	at java.security.AccessController.doPrivileged(Native Method)
	at org.eclipse.osgi.internal.framework.BundleContextImpl.startActivator(BundleContextImpl.java:764)
	at org.eclipse.osgi.internal.framework.BundleContextImpl.start(BundleContextImpl.java:721)
	at org.eclipse.osgi.internal.framework.EquinoxBundle.startWorker0(EquinoxBundle.java:936)
	at org.eclipse.osgi.internal.framework.EquinoxBundle$EquinoxModule.startWorker(EquinoxBundle.java:319)
	at org.eclipse.osgi.container.Module.doStart(Module.java:571)
	at org.eclipse.osgi.container.Module.start(Module.java:439)
	at org.eclipse.osgi.container.ModuleContainer$ContainerStartLevel.incStartLevel(ModuleContainer.java:1582)
	at org.eclipse.osgi.container.ModuleContainer$ContainerStartLevel.incStartLevel(ModuleContainer.java:1562)
	at org.eclipse.osgi.container.ModuleContainer$ContainerStartLevel.doContainerStartLevel(ModuleContainer.java:1533)
	at org.eclipse.osgi.container.ModuleContainer$ContainerStartLevel.dispatchEvent(ModuleContainer.java:1476)
	at org.eclipse.osgi.container.ModuleContainer$ContainerStartLevel.dispatchEvent(ModuleContainer.java:1)
	at org.eclipse.osgi.framework.eventmgr.EventManager.dispatchEvent(EventManager.java:230)
	at org.eclipse.osgi.framework.eventmgr.EventManager$EventThread.run(EventManager.java:340)

!ENTRY org.eclipse.osgi 2 0 2017-03-04 12:17:02.860
!MESSAGE While loading class "org.eclipse.core.runtime.ILibrary", thread "Thread[Start Level: Equinox Container: 9028f11b-a600-0017-1ad4-f6e0b55358b1,5,main]" timed out waiting (5016ms) for thread "Thread[Component Resolve Thread,5,main]" to finish starting bundle "org.eclipse.core.runtime_3.10.0.v20140318-2214 [86]". To avoid deadlock, thread "Thread[Start Level: Equinox Container: 9028f11b-a600-0017-1ad4-f6e0b55358b1,5,main]" is proceeding but "org.eclipse.core.runtime.ILibrary" may not be fully initialized.
!STACK 0
org.osgi.framework.BundleException: Unable to acquire the state change lock for the module: osgi.identity; osgi.identity="org.eclipse.core.runtime"; type="osgi.bundle"; version:Version="3.10.0.v20140318-2214"; singleton:="true" [id=86] STARTED [STARTED]
	at org.eclipse.osgi.container.Module.lockStateChange(Module.java:329)
	at org.eclipse.osgi.container.Module.start(Module.java:389)
	at org.eclipse.osgi.framework.util.SecureAction.start(SecureAction.java:454)
	at org.eclipse.osgi.internal.hooks.EclipseLazyStarter.postFindLocalClass(EclipseLazyStarter.java:107)
	at org.eclipse.osgi.internal.loader.classpath.ClasspathManager.findLocalClass(ClasspathManager.java:531)
	at org.eclipse.osgi.internal.loader.ModuleClassLoader.findLocalClass(ModuleClassLoader.java:324)
	at org.eclipse.osgi.internal.loader.BundleLoader.findLocalClass(BundleLoader.java:311)
	at org.eclipse.osgi.internal.loader.sources.SingleSourcePackage.loadClass(SingleSourcePackage.java:36)
	at org.eclipse.osgi.internal.loader.sources.MultiSourcePackage.loadClass(MultiSourcePackage.java:32)
	at org.eclipse.osgi.internal.loader.BundleLoader.findClassInternal(BundleLoader.java:382)
	at org.eclipse.osgi.internal.loader.BundleLoader.findClass(BundleLoader.java:336)
	at org.eclipse.osgi.internal.loader.BundleLoader.findClass(BundleLoader.java:328)
	at org.eclipse.osgi.internal.loader.ModuleClassLoader.loadClass(ModuleClassLoader.java:160)
	at java.lang.ClassLoader.loadClass(Unknown Source)
	at java.lang.Class.getDeclaredMethods0(Native Method)
	at java.lang.Class.privateGetDeclaredMethods(Unknown Source)
	at java.lang.Class.getMethod0(Unknown Source)
	at java.lang.Class.getMethod(Unknown Source)
	at org.eclipse.core.internal.runtime.CompatibilityHelper.setPlugin(CompatibilityHelper.java:49)
	at org.eclipse.core.internal.plugins.CompatibilityActivator.start(CompatibilityActivator.java:23)
	at org.eclipse.osgi.internal.framework.BundleContextImpl$3.run(BundleContextImpl.java:771)
	at org.eclipse.osgi.internal.framework.BundleContextImpl$3.run(BundleContextImpl.java:1)
	at java.security.AccessController.doPrivileged(Native Method)
	at org.eclipse.osgi.internal.framework.BundleContextImpl.startActivator(BundleContextImpl.java:764)
	at org.eclipse.osgi.internal.framework.BundleContextImpl.start(BundleContextImpl.java:721)
	at org.eclipse.osgi.internal.framework.EquinoxBundle.startWorker0(EquinoxBundle.java:936)
	at org.eclipse.osgi.internal.framework.EquinoxBundle$EquinoxModule.startWorker(EquinoxBundle.java:319)
	at org.eclipse.osgi.container.Module.doStart(Module.java:571)
	at org.eclipse.osgi.container.Module.start(Module.java:439)
	at org.eclipse.osgi.framework.util.SecureAction.start(SecureAction.java:454)
	at org.eclipse.osgi.internal.hooks.EclipseLazyStarter.postFindLocalClass(EclipseLazyStarter.java:107)
	at org.eclipse.osgi.internal.loader.classpath.ClasspathManager.findLocalClass(ClasspathManager.java:531)
	at org.eclipse.osgi.internal.loader.ModuleClassLoader.findLocalClass(ModuleClassLoader.java:324)
	at org.eclipse.osgi.internal.loader.BundleLoader.findLocalClass(BundleLoader.java:311)
	at org.eclipse.osgi.internal.loader.BundleLoader.findClassInternal(BundleLoader.java:386)
	at org.eclipse.osgi.internal.loader.BundleLoader.findClass(BundleLoader.java:336)
	at org.eclipse.osgi.internal.loader.BundleLoader.findClass(BundleLoader.java:328)
	at org.eclipse.osgi.internal.loader.ModuleClassLoader.loadClass(ModuleClassLoader.java:160)
	at java.lang.ClassLoader.loadClass(Unknown Source)
	at org.eclipse.osgi.internal.framework.EquinoxBundle.loadClass(EquinoxBundle.java:568)
	at org.eclipse.core.internal.runtime.CompatibilityHelper.getPluginDescriptor(CompatibilityHelper.java:64)
	at org.eclipse.core.runtime.Plugin.initializeDescriptor(Plugin.java:783)
	at org.eclipse.core.runtime.Plugin.start(Plugin.java:768)
	at org.eclipse.m2e.logback.configuration.LogPlugin.start(LogPlugin.java:81)
	at org.eclipse.osgi.internal.framework.BundleContextImpl$3.run(BundleContextImpl.java:771)
	at org.eclipse.osgi.internal.framework.BundleContextImpl$3.run(BundleContextImpl.java:1)
	at java.security.AccessController.doPrivileged(Native Method)
	at org.eclipse.osgi.internal.framework.BundleContextImpl.startActivator(BundleContextImpl.java:764)
	at org.eclipse.osgi.internal.framework.BundleContextImpl.start(BundleContextImpl.java:721)
	at org.eclipse.osgi.internal.framework.EquinoxBundle.startWorker0(EquinoxBundle.java:936)
	at org.eclipse.osgi.internal.framework.EquinoxBundle$EquinoxModule.startWorker(EquinoxBundle.java:319)
	at org.eclipse.osgi.container.Module.doStart(Module.java:571)
	at org.eclipse.osgi.container.Module.start(Module.java:439)
	at org.eclipse.osgi.container.ModuleContainer$ContainerStartLevel.incStartLevel(ModuleContainer.java:1582)
	at org.eclipse.osgi.container.ModuleContainer$ContainerStartLevel.incStartLevel(ModuleContainer.java:1562)
	at org.eclipse.osgi.container.ModuleContainer$ContainerStartLevel.doContainerStartLevel(ModuleContainer.java:1533)
	at org.eclipse.osgi.container.ModuleContainer$ContainerStartLevel.dispatchEvent(ModuleContainer.java:1476)
	at org.eclipse.osgi.container.ModuleContainer$ContainerStartLevel.dispatchEvent(ModuleContainer.java:1)
	at org.eclipse.osgi.framework.eventmgr.EventManager.dispatchEvent(EventManager.java:230)
	at org.eclipse.osgi.framework.eventmgr.EventManager$EventThread.run(EventManager.java:340)

!ENTRY org.eclipse.osgi 4 0 2017-03-04 12:17:05.094
!MESSAGE Application error
!STACK 1
org.eclipse.swt.SWTError: No more handles
	at org.eclipse.swt.SWT.error(SWT.java:4467)
	at org.eclipse.swt.SWT.error(SWT.java:4356)
	at org.eclipse.swt.SWT.error(SWT.java:4327)
	at org.eclipse.swt.widgets.Widget.error(Widget.java:476)
	at org.eclipse.swt.widgets.Control.createHandle(Control.java:703)
	at org.eclipse.swt.widgets.Composite.createHandle(Composite.java:306)
	at org.eclipse.swt.widgets.Decorations.createHandle(Decorations.java:419)
	at org.eclipse.swt.widgets.Shell.createHandle(Shell.java:584)
	at org.eclipse.swt.widgets.Control.createWidget(Control.java:743)
	at org.eclipse.swt.widgets.Scrollable.createWidget(Scrollable.java:133)
	at org.eclipse.swt.widgets.Decorations.createWidget(Decorations.java:427)
	at org.eclipse.swt.widgets.Shell.<init>(Shell.java:297)
	at org.eclipse.swt.widgets.Shell.<init>(Shell.java:375)
	at org.eclipse.jface.window.Window.createShell(Window.java:491)
	at org.eclipse.jface.window.Window.create(Window.java:434)
	at org.eclipse.jface.dialogs.Dialog.create(Dialog.java:1101)
	at org.eclipse.jface.window.Window.open(Window.java:797)
	at org.eclipse.ui.internal.ide.ChooseWorkspaceDialog.prompt(ChooseWorkspaceDialog.java:91)
	at org.eclipse.ui.internal.ide.application.IDEApplication.promptForWorkspace(IDEApplication.java:314)
	at org.eclipse.ui.internal.ide.application.IDEApplication.checkInstanceLocation(IDEApplication.java:249)
	at org.eclipse.ui.internal.ide.application.IDEApplication.start(IDEApplication.java:124)
	at org.eclipse.equinox.internal.app.EclipseAppHandle.run(EclipseAppHandle.java:196)
	at org.eclipse.core.runtime.internal.adaptor.EclipseAppLauncher.runApplication(EclipseAppLauncher.java:134)
	at org.eclipse.core.runtime.internal.adaptor.EclipseAppLauncher.start(EclipseAppLauncher.java:104)
	at org.eclipse.core.runtime.adaptor.EclipseStarter.run(EclipseStarter.java:382)
	at org.eclipse.core.runtime.adaptor.EclipseStarter.run(EclipseStarter.java:236)
	at sun.reflect.NativeMethodAccessorImpl.invoke0(Native Method)
	at sun.reflect.NativeMethodAccessorImpl.invoke(Unknown Source)
	at sun.reflect.DelegatingMethodAccessorImpl.invoke(Unknown Source)
	at java.lang.reflect.Method.invoke(Unknown Source)
	at org.eclipse.equinox.launcher.Main.invokeFramework(Main.java:648)
	at org.eclipse.equinox.launcher.Main.basicRun(Main.java:603)
	at org.eclipse.equinox.launcher.Main.run(Main.java:1465)
	at org.eclipse.equinox.launcher.Main.main(Main.java:1438)
