!SESSION 2017-05-08 22:01:52.636 -----------------------------------------------
eclipse.buildId=4.4.0.I20140606-1215
java.version=1.7.0_79
java.vendor=Oracle Corporation
BootLoader constants: OS=win32, ARCH=x86_64, WS=win32, NL=en_US
Framework arguments:  -product org.eclipse.epp.package.jee.product
Command-line arguments:  -os win32 -ws win32 -arch x86_64 -product org.eclipse.epp.package.jee.product

!ENTRY org.eclipse.osgi 4 0 2017-05-08 22:02:13.179
!MESSAGE Application error
!STACK 1
org.eclipse.swt.SWTError: No more handles
	at org.eclipse.swt.SWT.error(SWT.java:4467)
	at org.eclipse.swt.SWT.error(SWT.java:4356)
	at org.eclipse.swt.SWT.error(SWT.java:4327)
	at org.eclipse.swt.widgets.Widget.error(Widget.java:476)
	at org.eclipse.swt.widgets.Control.createHandle(Control.java:703)
	at org.eclipse.swt.widgets.Composite.createHandle(Composite.java:306)
	at org.eclipse.swt.widgets.Decorations.createHandle(Decorations.java:419)
	at org.eclipse.swt.widgets.Shell.createHandle(Shell.java:584)
	at org.eclipse.swt.widgets.Control.createWidget(Control.java:743)
	at org.eclipse.swt.widgets.Scrollable.createWidget(Scrollable.java:133)
	at org.eclipse.swt.widgets.Decorations.createWidget(Decorations.java:427)
	at org.eclipse.swt.widgets.Shell.<init>(Shell.java:297)
	at org.eclipse.swt.widgets.Shell.<init>(Shell.java:375)
	at org.eclipse.jface.window.Window.createShell(Window.java:491)
	at org.eclipse.jface.window.Window.create(Window.java:434)
	at org.eclipse.jface.dialogs.Dialog.create(Dialog.java:1101)
	at org.eclipse.jface.window.Window.open(Window.java:797)
	at org.eclipse.ui.internal.ide.ChooseWorkspaceDialog.prompt(ChooseWorkspaceDialog.java:91)
	at org.eclipse.ui.internal.ide.application.IDEApplication.promptForWorkspace(IDEApplication.java:314)
	at org.eclipse.ui.internal.ide.application.IDEApplication.checkInstanceLocation(IDEApplication.java:249)
	at org.eclipse.ui.internal.ide.application.IDEApplication.start(IDEApplication.java:124)
	at org.eclipse.equinox.internal.app.EclipseAppHandle.run(EclipseAppHandle.java:196)
	at org.eclipse.core.runtime.internal.adaptor.EclipseAppLauncher.runApplication(EclipseAppLauncher.java:134)
	at org.eclipse.core.runtime.internal.adaptor.EclipseAppLauncher.start(EclipseAppLauncher.java:104)
	at org.eclipse.core.runtime.adaptor.EclipseStarter.run(EclipseStarter.java:382)
	at org.eclipse.core.runtime.adaptor.EclipseStarter.run(EclipseStarter.java:236)
	at sun.reflect.NativeMethodAccessorImpl.invoke0(Native Method)
	at sun.reflect.NativeMethodAccessorImpl.invoke(Unknown Source)
	at sun.reflect.DelegatingMethodAccessorImpl.invoke(Unknown Source)
	at java.lang.reflect.Method.invoke(Unknown Source)
	at org.eclipse.equinox.launcher.Main.invokeFramework(Main.java:648)
	at org.eclipse.equinox.launcher.Main.basicRun(Main.java:603)
	at org.eclipse.equinox.launcher.Main.run(Main.java:1465)
	at org.eclipse.equinox.launcher.Main.main(Main.java:1438)
